{"/home/travis/build/npmtest/node-npmtest-statsd-client/test.js":{"path":"/home/travis/build/npmtest/node-npmtest-statsd-client/test.js","s":{"1":2,"2":2,"3":2,"4":2,"5":2,"6":2,"7":2,"8":1,"9":2,"10":2,"11":1,"12":1,"13":1,"14":1,"15":2,"16":2,"17":2,"18":2,"19":1,"20":1,"21":2,"22":2,"23":2,"24":1,"25":1,"26":1,"27":1,"28":1,"29":1,"30":1,"31":1,"32":1,"33":1,"34":1,"35":1,"36":1,"37":1,"38":1,"39":2,"40":2,"41":1,"42":2,"43":2,"44":1,"45":2,"46":2,"47":1,"48":2,"49":2,"50":1,"51":1,"52":1,"53":1,"54":1},"b":{"1":[2,1,1,1],"2":[1,1,1,1],"3":[1,1],"4":[1,1],"5":[1,1],"6":[1,1],"7":[1,1],"8":[1,1],"9":[1,1],"10":[1,1,1],"11":[1,1],"12":[1,1],"13":[1,1],"14":[1,1],"15":[1,1],"16":[1,1],"17":[1,1]},"f":{"1":2,"2":2,"3":2,"4":2,"5":2,"6":1,"7":1,"8":1,"9":2,"10":2,"11":2,"12":2,"13":1},"fnMap":{"1":{"name":"(anonymous_1)","line":12,"loc":{"start":{"line":12,"column":1},"end":{"line":12,"column":13}}},"2":{"name":"(anonymous_2)","line":19,"loc":{"start":{"line":19,"column":5},"end":{"line":19,"column":17}}},"3":{"name":"(anonymous_3)","line":23,"loc":{"start":{"line":23,"column":24},"end":{"line":23,"column":36}}},"4":{"name":"(anonymous_4)","line":61,"loc":{"start":{"line":61,"column":5},"end":{"line":61,"column":17}}},"5":{"name":"(anonymous_5)","line":82,"loc":{"start":{"line":82,"column":5},"end":{"line":82,"column":17}}},"6":{"name":"(anonymous_6)","line":91,"loc":{"start":{"line":91,"column":77},"end":{"line":94,"column":10}}},"7":{"name":"(anonymous_7)","line":112,"loc":{"start":{"line":112,"column":83},"end":{"line":115,"column":10}},"skip":true},"8":{"name":"(anonymous_8)","line":123,"loc":{"start":{"line":123,"column":77},"end":{"line":126,"column":10}},"skip":true},"9":{"name":"(anonymous_9)","line":139,"loc":{"start":{"line":139,"column":12},"end":{"line":139,"column":40}},"skip":true},"10":{"name":"(anonymous_10)","line":147,"loc":{"start":{"line":147,"column":77},"end":{"line":150,"column":10}},"skip":true},"11":{"name":"(anonymous_11)","line":158,"loc":{"start":{"line":158,"column":83},"end":{"line":161,"column":10}},"skip":true},"12":{"name":"(anonymous_12)","line":169,"loc":{"start":{"line":169,"column":79},"end":{"line":172,"column":10}},"skip":true},"13":{"name":"(anonymous_13)","line":180,"loc":{"start":{"line":180,"column":75},"end":{"line":183,"column":10}},"skip":true}},"statementMap":{"1":{"start":{"line":12,"column":0},"end":{"line":195,"column":5}},"2":{"start":{"line":14,"column":4},"end":{"line":14,"column":14}},"3":{"start":{"line":19,"column":4},"end":{"line":56,"column":9}},"4":{"start":{"line":21,"column":8},"end":{"line":21,"column":19}},"5":{"start":{"line":23,"column":8},"end":{"line":35,"column":13}},"6":{"start":{"line":24,"column":12},"end":{"line":34,"column":13}},"7":{"start":{"line":25,"column":16},"end":{"line":28,"column":30}},"8":{"start":{"line":30,"column":16},"end":{"line":33,"column":27}},"9":{"start":{"line":37,"column":8},"end":{"line":39,"column":21}},"10":{"start":{"line":40,"column":8},"end":{"line":53,"column":9}},"11":{"start":{"line":43,"column":12},"end":{"line":46,"column":14}},"12":{"start":{"line":47,"column":12},"end":{"line":47,"column":18}},"13":{"start":{"line":50,"column":12},"end":{"line":51,"column":33}},"14":{"start":{"line":52,"column":12},"end":{"line":52,"column":18}},"15":{"start":{"line":55,"column":8},"end":{"line":55,"column":35}},"16":{"start":{"line":61,"column":4},"end":{"line":63,"column":9}},"17":{"start":{"line":62,"column":8},"end":{"line":62,"column":15}},"18":{"start":{"line":64,"column":4},"end":{"line":77,"column":5}},"19":{"start":{"line":70,"column":8},"end":{"line":70,"column":14}},"20":{"start":{"line":76,"column":8},"end":{"line":76,"column":14}},"21":{"start":{"line":82,"column":4},"end":{"line":84,"column":9}},"22":{"start":{"line":83,"column":8},"end":{"line":83,"column":15}},"23":{"start":{"line":85,"column":4},"end":{"line":194,"column":5}},"24":{"start":{"line":91,"column":8},"end":{"line":99,"column":10}},"25":{"start":{"line":98,"column":12},"end":{"line":98,"column":35}},"26":{"start":{"line":102,"column":8},"end":{"line":104,"column":63}},"27":{"start":{"line":105,"column":8},"end":{"line":105,"column":14}},"28":{"start":{"line":112,"column":8},"end":{"line":121,"column":10},"skip":true},"29":{"start":{"line":119,"column":12},"end":{"line":119,"column":55},"skip":true},"30":{"start":{"line":120,"column":12},"end":{"line":120,"column":48},"skip":true},"31":{"start":{"line":123,"column":8},"end":{"line":136,"column":10},"skip":true},"32":{"start":{"line":130,"column":12},"end":{"line":130,"column":76},"skip":true},"33":{"start":{"line":131,"column":12},"end":{"line":131,"column":73},"skip":true},"34":{"start":{"line":132,"column":12},"end":{"line":132,"column":74},"skip":true},"35":{"start":{"line":133,"column":12},"end":{"line":133,"column":79},"skip":true},"36":{"start":{"line":134,"column":12},"end":{"line":134,"column":25},"skip":true},"37":{"start":{"line":135,"column":12},"end":{"line":135,"column":45},"skip":true},"38":{"start":{"line":138,"column":8},"end":{"line":145,"column":14},"skip":true},"39":{"start":{"line":143,"column":16},"end":{"line":143,"column":29},"skip":true},"40":{"start":{"line":144,"column":16},"end":{"line":144,"column":55},"skip":true},"41":{"start":{"line":147,"column":8},"end":{"line":156,"column":10},"skip":true},"42":{"start":{"line":154,"column":12},"end":{"line":154,"column":25},"skip":true},"43":{"start":{"line":155,"column":12},"end":{"line":155,"column":45},"skip":true},"44":{"start":{"line":158,"column":8},"end":{"line":167,"column":10},"skip":true},"45":{"start":{"line":165,"column":12},"end":{"line":165,"column":25},"skip":true},"46":{"start":{"line":166,"column":12},"end":{"line":166,"column":48},"skip":true},"47":{"start":{"line":169,"column":8},"end":{"line":178,"column":10},"skip":true},"48":{"start":{"line":176,"column":12},"end":{"line":176,"column":25},"skip":true},"49":{"start":{"line":177,"column":12},"end":{"line":177,"column":46},"skip":true},"50":{"start":{"line":180,"column":8},"end":{"line":189,"column":10},"skip":true},"51":{"start":{"line":187,"column":12},"end":{"line":187,"column":94},"skip":true},"52":{"start":{"line":188,"column":12},"end":{"line":188,"column":48},"skip":true},"53":{"start":{"line":192,"column":8},"end":{"line":192,"column":35},"skip":true},"54":{"start":{"line":193,"column":8},"end":{"line":193,"column":14},"skip":true}},"branchMap":{"1":{"line":25,"type":"binary-expr","locations":[{"start":{"line":25,"column":23},"end":{"line":25,"column":62}},{"start":{"line":26,"column":20},"end":{"line":26,"column":70}},{"start":{"line":27,"column":20},"end":{"line":27,"column":71}},{"start":{"line":28,"column":20},"end":{"line":28,"column":29}}]},"2":{"line":30,"type":"binary-expr","locations":[{"start":{"line":30,"column":23},"end":{"line":30,"column":37}},{"start":{"line":31,"column":20},"end":{"line":31,"column":61}},{"start":{"line":32,"column":20},"end":{"line":32,"column":70}},{"start":{"line":33,"column":20},"end":{"line":33,"column":26}}]},"3":{"line":37,"type":"cond-expr","locations":[{"start":{"line":38,"column":14},"end":{"line":38,"column":20}},{"start":{"line":39,"column":14},"end":{"line":39,"column":20}}]},"4":{"line":40,"type":"switch","locations":[{"start":{"line":42,"column":8},"end":{"line":47,"column":18}},{"start":{"line":49,"column":8},"end":{"line":52,"column":18}}]},"5":{"line":44,"type":"binary-expr","locations":[{"start":{"line":44,"column":16},"end":{"line":44,"column":44}},{"start":{"line":44,"column":48},"end":{"line":44,"column":66}}]},"6":{"line":50,"type":"binary-expr","locations":[{"start":{"line":50,"column":21},"end":{"line":50,"column":49}},{"start":{"line":50,"column":53},"end":{"line":50,"column":72}}]},"7":{"line":64,"type":"switch","locations":[{"start":{"line":69,"column":4},"end":{"line":70,"column":14}},{"start":{"line":75,"column":4},"end":{"line":76,"column":14}}]},"8":{"line":85,"type":"switch","locations":[{"start":{"line":90,"column":4},"end":{"line":105,"column":14}},{"start":{"line":111,"column":4},"end":{"line":193,"column":14},"skip":true}]},"9":{"line":91,"type":"binary-expr","locations":[{"start":{"line":91,"column":42},"end":{"line":91,"column":73}},{"start":{"line":91,"column":77},"end":{"line":99,"column":9}}]},"10":{"line":102,"type":"binary-expr","locations":[{"start":{"line":102,"column":18},"end":{"line":102,"column":32}},{"start":{"line":103,"column":12},"end":{"line":103,"column":53}},{"start":{"line":104,"column":12},"end":{"line":104,"column":61}}]},"11":{"line":112,"type":"binary-expr","locations":[{"start":{"line":112,"column":45},"end":{"line":112,"column":79},"skip":true},{"start":{"line":112,"column":83},"end":{"line":121,"column":9},"skip":true}]},"12":{"line":123,"type":"binary-expr","locations":[{"start":{"line":123,"column":42},"end":{"line":123,"column":73},"skip":true},{"start":{"line":123,"column":77},"end":{"line":136,"column":9},"skip":true}]},"13":{"line":138,"type":"binary-expr","locations":[{"start":{"line":138,"column":48},"end":{"line":138,"column":85},"skip":true},{"start":{"line":139,"column":12},"end":{"line":145,"column":13},"skip":true}]},"14":{"line":147,"type":"binary-expr","locations":[{"start":{"line":147,"column":42},"end":{"line":147,"column":73},"skip":true},{"start":{"line":147,"column":77},"end":{"line":156,"column":9},"skip":true}]},"15":{"line":158,"type":"binary-expr","locations":[{"start":{"line":158,"column":45},"end":{"line":158,"column":79},"skip":true},{"start":{"line":158,"column":83},"end":{"line":167,"column":9},"skip":true}]},"16":{"line":169,"type":"binary-expr","locations":[{"start":{"line":169,"column":43},"end":{"line":169,"column":75},"skip":true},{"start":{"line":169,"column":79},"end":{"line":178,"column":9},"skip":true}]},"17":{"line":180,"type":"binary-expr","locations":[{"start":{"line":180,"column":41},"end":{"line":180,"column":71},"skip":true},{"start":{"line":180,"column":75},"end":{"line":189,"column":9},"skip":true}]}},"code":["/* istanbul instrument in package npmtest_statsd_client */","/*jslint","    bitwise: true,","    browser: true,","    maxerr: 8,","    maxlen: 96,","    node: true,","    nomen: true,","    regexp: true,","    stupid: true","*/","(function () {","    'use strict';","    var local;","","","","    // run shared js-env code - init-before","    (function () {","        // init local","        local = {};","        // init modeJs","        local.modeJs = (function () {","            try {","                return typeof navigator.userAgent === 'string' &&","                    typeof document.querySelector('body') === 'object' &&","                    typeof XMLHttpRequest.prototype.open === 'function' &&","                    'browser';","            } catch (errorCaughtBrowser) {","                return module.exports &&","                    typeof process.versions.node === 'string' &&","                    typeof require('http').createServer === 'function' &&","                    'node';","            }","        }());","        // init global","        local.global = local.modeJs === 'browser'","            ? window","            : global;","        switch (local.modeJs) {","        // re-init local from window.local","        case 'browser':","            local = local.global.utility2.objectSetDefault(","                local.global.utility2_rollup || local.global.local,","                local.global.utility2","            );","            break;","        // re-init local from example.js","        case 'node':","            local = (local.global.utility2_rollup || require('utility2'))","                .requireReadme();","            break;","        }","        // export local","        local.global.local = local;","    }());","","","","    // run shared js-env code - function","    (function () {","        return;","    }());","    switch (local.modeJs) {","","","","    // run browser js-env code - function","    case 'browser':","        break;","","","","    // run node js-env code - function","    case 'node':","        break;","    }","","","","    // run shared js-env code - init-after","    (function () {","        return;","    }());","    switch (local.modeJs) {","","","","    // run browser js-env code - init-after","    case 'browser':","        local.testCase_browser_nullCase = local.testCase_browser_nullCase || function (","            options,","            onError","        ) {","        /*","         * this function will test browsers's null-case handling-behavior-behavior","         */","            onError(null, options);","        };","","        // run tests","        local.nop(local.modeTest &&","            document.querySelector('#testRunButton1') &&","            document.querySelector('#testRunButton1').click());","        break;","","","","    // run node js-env code - init-after","    /* istanbul ignore next */","    case 'node':","        local.testCase_buildApidoc_default = local.testCase_buildApidoc_default || function (","            options,","            onError","        ) {","        /*","         * this function will test buildApidoc's default handling-behavior-behavior","         */","            options = { modulePathList: module.paths };","            local.buildApidoc(options, onError);","        };","","        local.testCase_buildApp_default = local.testCase_buildApp_default || function (","            options,","            onError","        ) {","        /*","         * this function will test buildApp's default handling-behavior-behavior","         */","            local.testCase_buildReadme_default(options, local.onErrorThrow);","            local.testCase_buildLib_default(options, local.onErrorThrow);","            local.testCase_buildTest_default(options, local.onErrorThrow);","            local.testCase_buildCustomOrg_default(options, local.onErrorThrow);","            options = [];","            local.buildApp(options, onError);","        };","","        local.testCase_buildCustomOrg_default = local.testCase_buildCustomOrg_default ||","            function (options, onError) {","            /*","             * this function will test buildCustomOrg's default handling-behavior","             */","                options = {};","                local.buildCustomOrg(options, onError);","            };","","        local.testCase_buildLib_default = local.testCase_buildLib_default || function (","            options,","            onError","        ) {","        /*","         * this function will test buildLib's default handling-behavior","         */","            options = {};","            local.buildLib(options, onError);","        };","","        local.testCase_buildReadme_default = local.testCase_buildReadme_default || function (","            options,","            onError","        ) {","        /*","         * this function will test buildReadme's default handling-behavior-behavior","         */","            options = {};","            local.buildReadme(options, onError);","        };","","        local.testCase_buildTest_default = local.testCase_buildTest_default || function (","            options,","            onError","        ) {","        /*","         * this function will test buildTest's default handling-behavior","         */","            options = {};","            local.buildTest(options, onError);","        };","","        local.testCase_webpage_default = local.testCase_webpage_default || function (","            options,","            onError","        ) {","        /*","         * this function will test webpage's default handling-behavior","         */","            options = { modeCoverageMerge: true, url: local.serverLocalHost + '?modeTest=1' };","            local.browserTest(options, onError);","        };","","        // run test-server","        local.testRunServer(local);","        break;","    }","}());",""],"l":{"12":2,"14":2,"19":2,"21":2,"23":2,"24":2,"25":2,"30":1,"37":2,"40":2,"43":1,"47":1,"50":1,"52":1,"55":2,"61":2,"62":2,"64":2,"70":1,"76":1,"82":2,"83":2,"85":2,"91":1,"98":1,"102":1,"105":1,"112":1,"119":1,"120":1,"123":1,"130":1,"131":1,"132":1,"133":1,"134":1,"135":1,"138":1,"143":2,"144":2,"147":1,"154":2,"155":2,"158":1,"165":2,"166":2,"169":1,"176":2,"177":2,"180":1,"187":1,"188":1,"192":1,"193":1}},"/home/travis/build/npmtest/node-npmtest-statsd-client/lib.npmtest_statsd_client.js":{"path":"/home/travis/build/npmtest/node-npmtest-statsd-client/lib.npmtest_statsd_client.js","s":{"1":2,"2":2,"3":2,"4":2,"5":2,"6":2,"7":2,"8":1,"9":2,"10":2,"11":2,"12":2,"13":1,"14":1,"15":1,"16":1},"b":{"1":[2,1,1,1],"2":[1,1,1,1],"3":[1,1],"4":[2,2],"5":[1,1]},"f":{"1":2,"2":2,"3":2},"fnMap":{"1":{"name":"(anonymous_1)","line":12,"loc":{"start":{"line":12,"column":1},"end":{"line":12,"column":13}}},"2":{"name":"(anonymous_2)","line":19,"loc":{"start":{"line":19,"column":5},"end":{"line":19,"column":17}}},"3":{"name":"(anonymous_3)","line":23,"loc":{"start":{"line":23,"column":24},"end":{"line":23,"column":36}}}},"statementMap":{"1":{"start":{"line":12,"column":0},"end":{"line":53,"column":5}},"2":{"start":{"line":14,"column":4},"end":{"line":14,"column":14}},"3":{"start":{"line":19,"column":4},"end":{"line":52,"column":9}},"4":{"start":{"line":21,"column":8},"end":{"line":21,"column":19}},"5":{"start":{"line":23,"column":8},"end":{"line":35,"column":13}},"6":{"start":{"line":24,"column":12},"end":{"line":34,"column":13}},"7":{"start":{"line":25,"column":16},"end":{"line":28,"column":30}},"8":{"start":{"line":30,"column":16},"end":{"line":33,"column":27}},"9":{"start":{"line":37,"column":8},"end":{"line":39,"column":21}},"10":{"start":{"line":41,"column":8},"end":{"line":41,"column":54}},"11":{"start":{"line":43,"column":8},"end":{"line":43,"column":58}},"12":{"start":{"line":45,"column":8},"end":{"line":51,"column":9}},"13":{"start":{"line":46,"column":12},"end":{"line":46,"column":64}},"14":{"start":{"line":48,"column":12},"end":{"line":48,"column":35}},"15":{"start":{"line":49,"column":12},"end":{"line":49,"column":49}},"16":{"start":{"line":50,"column":12},"end":{"line":50,"column":43}}},"branchMap":{"1":{"line":25,"type":"binary-expr","locations":[{"start":{"line":25,"column":23},"end":{"line":25,"column":62}},{"start":{"line":26,"column":20},"end":{"line":26,"column":70}},{"start":{"line":27,"column":20},"end":{"line":27,"column":71}},{"start":{"line":28,"column":20},"end":{"line":28,"column":29}}]},"2":{"line":30,"type":"binary-expr","locations":[{"start":{"line":30,"column":23},"end":{"line":30,"column":37}},{"start":{"line":31,"column":20},"end":{"line":31,"column":61}},{"start":{"line":32,"column":20},"end":{"line":32,"column":70}},{"start":{"line":33,"column":20},"end":{"line":33,"column":26}}]},"3":{"line":37,"type":"cond-expr","locations":[{"start":{"line":38,"column":14},"end":{"line":38,"column":20}},{"start":{"line":39,"column":14},"end":{"line":39,"column":20}}]},"4":{"line":41,"type":"binary-expr","locations":[{"start":{"line":41,"column":16},"end":{"line":41,"column":44}},{"start":{"line":41,"column":48},"end":{"line":41,"column":53}}]},"5":{"line":45,"type":"if","locations":[{"start":{"line":45,"column":8},"end":{"line":45,"column":8}},{"start":{"line":45,"column":8},"end":{"line":45,"column":8}}]}},"code":["/* istanbul instrument in package npmtest_statsd_client */","/*jslint","    bitwise: true,","    browser: true,","    maxerr: 8,","    maxlen: 96,","    node: true,","    nomen: true,","    regexp: true,","    stupid: true","*/","(function () {","    'use strict';","    var local;","","","","    // run shared js-env code - init-before","    (function () {","        // init local","        local = {};","        // init modeJs","        local.modeJs = (function () {","            try {","                return typeof navigator.userAgent === 'string' &&","                    typeof document.querySelector('body') === 'object' &&","                    typeof XMLHttpRequest.prototype.open === 'function' &&","                    'browser';","            } catch (errorCaughtBrowser) {","                return module.exports &&","                    typeof process.versions.node === 'string' &&","                    typeof require('http').createServer === 'function' &&","                    'node';","            }","        }());","        // init global","        local.global = local.modeJs === 'browser'","            ? window","            : global;","        // init utility2_rollup","        local = local.global.utility2_rollup || local;","        // init lib","        local.local = local.npmtest_statsd_client = local;","        // init exports","        if (local.modeJs === 'browser') {","            local.global.utility2_npmtest_statsd_client = local;","        } else {","            module.exports = local;","            module.exports.__dirname = __dirname;","            module.exports.module = module;","        }","    }());","}());",""],"l":{"12":2,"14":2,"19":2,"21":2,"23":2,"24":2,"25":2,"30":1,"37":2,"41":2,"43":2,"45":2,"46":1,"48":1,"49":1,"50":1}},"/home/travis/build/npmtest/node-npmtest-statsd-client/example.js":{"path":"/home/travis/build/npmtest/node-npmtest-statsd-client/example.js","s":{"1":2,"2":2,"3":2,"4":2,"5":2,"6":2,"7":2,"8":1,"9":2,"10":2,"11":2,"12":2,"13":1,"14":2,"15":2,"16":2,"17":2,"18":2,"19":0,"20":2,"21":1,"22":1,"23":1,"24":1,"25":1,"26":0,"27":0,"28":1,"29":1,"30":2,"31":0,"32":0,"33":0,"34":1,"35":2,"36":2,"37":3,"38":3,"39":3,"40":3,"41":0,"42":3,"43":3,"44":3,"45":1,"46":3,"47":1,"48":1,"49":1,"50":1,"51":1,"52":1,"53":1,"54":1,"55":1,"56":1,"57":0,"58":1,"59":6,"60":6,"61":1,"62":2,"63":0,"64":2,"65":1,"66":1,"67":0,"68":0,"69":0,"70":0,"71":0,"72":0,"73":0,"74":0,"75":0,"76":0,"77":0,"78":0,"79":0,"80":0,"81":0,"82":0,"83":0},"b":{"1":[2,1,1,1],"2":[1,1,1,1],"3":[1,1],"4":[2,2],"5":[1,1],"6":[1,1],"7":[2,0],"8":[2,1,1,1,1,1],"9":[0,2,0],"10":[1,1],"11":[2,1,1],"12":[1,0],"13":[0,2],"14":[2,0,0,0,0,0,0],"15":[0,3],"16":[3,0],"17":[1,1],"18":[0,1],"19":[1,2,0,2],"20":[1,0],"21":[1,1],"22":[0,0],"23":[0,0],"24":[0,0],"25":[0,0],"26":[0,0],"27":[0,0],"28":[0,0]},"f":{"1":2,"2":2,"3":2,"4":2,"5":2,"6":2,"7":3,"8":3,"9":3,"10":1,"11":6,"12":0},"fnMap":{"1":{"name":"(anonymous_1)","line":26,"loc":{"start":{"line":26,"column":1},"end":{"line":26,"column":13}}},"2":{"name":"(anonymous_2)","line":33,"loc":{"start":{"line":33,"column":5},"end":{"line":33,"column":17}}},"3":{"name":"(anonymous_3)","line":37,"loc":{"start":{"line":37,"column":24},"end":{"line":37,"column":36}}},"4":{"name":"(anonymous_4)","line":69,"loc":{"start":{"line":69,"column":31},"end":{"line":69,"column":48}},"skip":true},"5":{"name":"(anonymous_5)","line":78,"loc":{"start":{"line":78,"column":26},"end":{"line":78,"column":45}},"skip":true},"6":{"name":"(anonymous_6)","line":123,"loc":{"start":{"line":123,"column":33},"end":{"line":123,"column":48}},"skip":true},"7":{"name":"(anonymous_7)","line":125,"loc":{"start":{"line":125,"column":27},"end":{"line":125,"column":39}},"skip":true},"8":{"name":"(anonymous_8)","line":133,"loc":{"start":{"line":133,"column":59},"end":{"line":133,"column":74}},"skip":true},"9":{"name":"(anonymous_9)","line":143,"loc":{"start":{"line":143,"column":45},"end":{"line":143,"column":62}},"skip":true},"10":{"name":"(anonymous_10)","line":144,"loc":{"start":{"line":144,"column":73},"end":{"line":144,"column":92}},"skip":true},"11":{"name":"(anonymous_11)","line":272,"loc":{"start":{"line":272,"column":51},"end":{"line":272,"column":77}},"skip":true},"12":{"name":"(anonymous_12)","line":315,"loc":{"start":{"line":315,"column":32},"end":{"line":315,"column":61}},"skip":true}},"statementMap":{"1":{"start":{"line":26,"column":0},"end":{"line":326,"column":5}},"2":{"start":{"line":28,"column":4},"end":{"line":28,"column":14}},"3":{"start":{"line":33,"column":4},"end":{"line":60,"column":9}},"4":{"start":{"line":35,"column":8},"end":{"line":35,"column":19}},"5":{"start":{"line":37,"column":8},"end":{"line":49,"column":13}},"6":{"start":{"line":38,"column":12},"end":{"line":48,"column":13}},"7":{"start":{"line":39,"column":16},"end":{"line":42,"column":30}},"8":{"start":{"line":44,"column":16},"end":{"line":47,"column":27}},"9":{"start":{"line":51,"column":8},"end":{"line":53,"column":21}},"10":{"start":{"line":55,"column":8},"end":{"line":57,"column":45}},"11":{"start":{"line":59,"column":8},"end":{"line":59,"column":35}},"12":{"start":{"line":61,"column":4},"end":{"line":325,"column":5}},"13":{"start":{"line":69,"column":8},"end":{"line":121,"column":10},"skip":true},"14":{"start":{"line":70,"column":12},"end":{"line":88,"column":13},"skip":true},"15":{"start":{"line":76,"column":16},"end":{"line":87,"column":19},"skip":true},"16":{"start":{"line":79,"column":20},"end":{"line":86,"column":21},"skip":true},"17":{"start":{"line":82,"column":24},"end":{"line":82,"column":43},"skip":true},"18":{"start":{"line":83,"column":24},"end":{"line":83,"column":30},"skip":true},"19":{"start":{"line":85,"column":24},"end":{"line":85,"column":49},"skip":true},"20":{"start":{"line":89,"column":12},"end":{"line":107,"column":13},"skip":true},"21":{"start":{"line":92,"column":16},"end":{"line":102,"column":17},"skip":true},"22":{"start":{"line":93,"column":20},"end":{"line":93,"column":86},"skip":true},"23":{"start":{"line":94,"column":20},"end":{"line":95,"column":45},"skip":true},"24":{"start":{"line":96,"column":20},"end":{"line":96,"column":42},"skip":true},"25":{"start":{"line":97,"column":20},"end":{"line":97,"column":48},"skip":true},"26":{"start":{"line":100,"column":20},"end":{"line":100,"column":85},"skip":true},"27":{"start":{"line":101,"column":20},"end":{"line":101,"column":96},"skip":true},"28":{"start":{"line":103,"column":16},"end":{"line":103,"column":22},"skip":true},"29":{"start":{"line":106,"column":16},"end":{"line":106,"column":22},"skip":true},"30":{"start":{"line":108,"column":12},"end":{"line":120,"column":13},"skip":true},"31":{"start":{"line":114,"column":16},"end":{"line":119,"column":17},"skip":true},"32":{"start":{"line":116,"column":20},"end":{"line":116,"column":78},"skip":true},"33":{"start":{"line":118,"column":20},"end":{"line":118,"column":47},"skip":true},"34":{"start":{"line":123,"column":8},"end":{"line":141,"column":11},"skip":true},"35":{"start":{"line":124,"column":12},"end":{"line":124,"column":54},"skip":true},"36":{"start":{"line":125,"column":12},"end":{"line":140,"column":14},"skip":true},"37":{"start":{"line":126,"column":16},"end":{"line":126,"column":28},"skip":true},"38":{"start":{"line":127,"column":16},"end":{"line":127,"column":69},"skip":true},"39":{"start":{"line":128,"column":16},"end":{"line":128,"column":75},"skip":true},"40":{"start":{"line":129,"column":16},"end":{"line":131,"column":17},"skip":true},"41":{"start":{"line":130,"column":20},"end":{"line":130,"column":27},"skip":true},"42":{"start":{"line":133,"column":16},"end":{"line":137,"column":36},"skip":true},"43":{"start":{"line":134,"column":20},"end":{"line":136,"column":55},"skip":true},"44":{"start":{"line":139,"column":16},"end":{"line":139,"column":57},"skip":true},"45":{"start":{"line":143,"column":8},"end":{"line":147,"column":11},"skip":true},"46":{"start":{"line":144,"column":12},"end":{"line":146,"column":15},"skip":true},"47":{"start":{"line":145,"column":16},"end":{"line":145,"column":70},"skip":true},"48":{"start":{"line":149,"column":8},"end":{"line":149,"column":31},"skip":true},"49":{"start":{"line":150,"column":8},"end":{"line":150,"column":14},"skip":true},"50":{"start":{"line":158,"column":8},"end":{"line":158,"column":31},"skip":true},"51":{"start":{"line":160,"column":8},"end":{"line":160,"column":33},"skip":true},"52":{"start":{"line":161,"column":8},"end":{"line":161,"column":37},"skip":true},"53":{"start":{"line":162,"column":8},"end":{"line":162,"column":35},"skip":true},"54":{"start":{"line":164,"column":8},"end":{"line":164,"column":50},"skip":true},"55":{"start":{"line":166,"column":8},"end":{"line":256,"column":2},"skip":true},"56":{"start":{"line":258,"column":8},"end":{"line":286,"column":9},"skip":true},"57":{"start":{"line":259,"column":12},"end":{"line":269,"column":14},"skip":true},"58":{"start":{"line":271,"column":12},"end":{"line":285,"column":19},"skip":true},"59":{"start":{"line":274,"column":20},"end":{"line":274,"column":35},"skip":true},"60":{"start":{"line":275,"column":20},"end":{"line":284,"column":21},"skip":true},"61":{"start":{"line":277,"column":24},"end":{"line":277,"column":64},"skip":true},"62":{"start":{"line":279,"column":24},"end":{"line":279,"column":40},"skip":true},"63":{"start":{"line":281,"column":24},"end":{"line":281,"column":40},"skip":true},"64":{"start":{"line":283,"column":24},"end":{"line":283,"column":39},"skip":true},"65":{"start":{"line":288,"column":8},"end":{"line":290,"column":9},"skip":true},"66":{"start":{"line":289,"column":12},"end":{"line":289,"column":18},"skip":true},"67":{"start":{"line":291,"column":8},"end":{"line":293,"column":54},"skip":true},"68":{"start":{"line":296,"column":8},"end":{"line":301,"column":37},"skip":true},"69":{"start":{"line":303,"column":8},"end":{"line":303,"column":82},"skip":true},"70":{"start":{"line":306,"column":8},"end":{"line":308,"column":9},"skip":true},"71":{"start":{"line":307,"column":12},"end":{"line":307,"column":82},"skip":true},"72":{"start":{"line":310,"column":8},"end":{"line":312,"column":9},"skip":true},"73":{"start":{"line":311,"column":12},"end":{"line":311,"column":18},"skip":true},"74":{"start":{"line":313,"column":8},"end":{"line":313,"column":54},"skip":true},"75":{"start":{"line":314,"column":8},"end":{"line":314,"column":69},"skip":true},"76":{"start":{"line":315,"column":8},"end":{"line":323,"column":36},"skip":true},"77":{"start":{"line":316,"column":12},"end":{"line":316,"column":61},"skip":true},"78":{"start":{"line":317,"column":12},"end":{"line":320,"column":13},"skip":true},"79":{"start":{"line":318,"column":16},"end":{"line":318,"column":75},"skip":true},"80":{"start":{"line":319,"column":16},"end":{"line":319,"column":23},"skip":true},"81":{"start":{"line":321,"column":12},"end":{"line":321,"column":38},"skip":true},"82":{"start":{"line":322,"column":12},"end":{"line":322,"column":27},"skip":true},"83":{"start":{"line":324,"column":8},"end":{"line":324,"column":14},"skip":true}},"branchMap":{"1":{"line":39,"type":"binary-expr","locations":[{"start":{"line":39,"column":23},"end":{"line":39,"column":62}},{"start":{"line":40,"column":20},"end":{"line":40,"column":70}},{"start":{"line":41,"column":20},"end":{"line":41,"column":71}},{"start":{"line":42,"column":20},"end":{"line":42,"column":29}}]},"2":{"line":44,"type":"binary-expr","locations":[{"start":{"line":44,"column":23},"end":{"line":44,"column":37}},{"start":{"line":45,"column":20},"end":{"line":45,"column":61}},{"start":{"line":46,"column":20},"end":{"line":46,"column":70}},{"start":{"line":47,"column":20},"end":{"line":47,"column":26}}]},"3":{"line":51,"type":"cond-expr","locations":[{"start":{"line":52,"column":14},"end":{"line":52,"column":20}},{"start":{"line":53,"column":14},"end":{"line":53,"column":20}}]},"4":{"line":55,"type":"binary-expr","locations":[{"start":{"line":55,"column":16},"end":{"line":55,"column":44}},{"start":{"line":55,"column":49},"end":{"line":57,"column":43}}]},"5":{"line":55,"type":"cond-expr","locations":[{"start":{"line":56,"column":14},"end":{"line":56,"column":57}},{"start":{"line":57,"column":14},"end":{"line":57,"column":43}}]},"6":{"line":61,"type":"switch","locations":[{"start":{"line":68,"column":4},"end":{"line":150,"column":14},"skip":true},{"start":{"line":156,"column":4},"end":{"line":324,"column":14},"skip":true}]},"7":{"line":70,"type":"if","locations":[{"start":{"line":70,"column":12},"end":{"line":70,"column":12},"skip":true},{"start":{"line":70,"column":12},"end":{"line":70,"column":12},"skip":true}]},"8":{"line":70,"type":"binary-expr","locations":[{"start":{"line":70,"column":16},"end":{"line":70,"column":22},"skip":true},{"start":{"line":70,"column":27},"end":{"line":70,"column":32},"skip":true},{"start":{"line":71,"column":20},"end":{"line":71,"column":39},"skip":true},{"start":{"line":72,"column":20},"end":{"line":72,"column":49},"skip":true},{"start":{"line":73,"column":20},"end":{"line":73,"column":58},"skip":true},{"start":{"line":74,"column":20},"end":{"line":74,"column":69},"skip":true}]},"9":{"line":79,"type":"switch","locations":[{"start":{"line":80,"column":20},"end":{"line":80,"column":33},"skip":true},{"start":{"line":81,"column":20},"end":{"line":83,"column":30},"skip":true},{"start":{"line":84,"column":20},"end":{"line":85,"column":49},"skip":true}]},"10":{"line":89,"type":"switch","locations":[{"start":{"line":90,"column":12},"end":{"line":103,"column":22},"skip":true},{"start":{"line":105,"column":12},"end":{"line":106,"column":22},"skip":true}]},"11":{"line":89,"type":"binary-expr","locations":[{"start":{"line":89,"column":20},"end":{"line":89,"column":25},"skip":true},{"start":{"line":89,"column":29},"end":{"line":89,"column":48},"skip":true},{"start":{"line":89,"column":52},"end":{"line":89,"column":74},"skip":true}]},"12":{"line":92,"type":"if","locations":[{"start":{"line":92,"column":16},"end":{"line":92,"column":16},"skip":true},{"start":{"line":92,"column":16},"end":{"line":92,"column":16},"skip":true}]},"13":{"line":108,"type":"if","locations":[{"start":{"line":108,"column":12},"end":{"line":108,"column":12},"skip":true},{"start":{"line":108,"column":12},"end":{"line":108,"column":12},"skip":true}]},"14":{"line":108,"type":"binary-expr","locations":[{"start":{"line":108,"column":16},"end":{"line":108,"column":61},"skip":true},{"start":{"line":108,"column":66},"end":{"line":108,"column":72},"skip":true},{"start":{"line":108,"column":77},"end":{"line":108,"column":82},"skip":true},{"start":{"line":109,"column":20},"end":{"line":109,"column":39},"skip":true},{"start":{"line":110,"column":20},"end":{"line":110,"column":49},"skip":true},{"start":{"line":111,"column":20},"end":{"line":111,"column":58},"skip":true},{"start":{"line":112,"column":20},"end":{"line":112,"column":68},"skip":true}]},"15":{"line":129,"type":"if","locations":[{"start":{"line":129,"column":16},"end":{"line":129,"column":16},"skip":true},{"start":{"line":129,"column":16},"end":{"line":129,"column":16},"skip":true}]},"16":{"line":134,"type":"cond-expr","locations":[{"start":{"line":135,"column":26},"end":{"line":135,"column":29},"skip":true},{"start":{"line":136,"column":26},"end":{"line":136,"column":54},"skip":true}]},"17":{"line":164,"type":"binary-expr","locations":[{"start":{"line":164,"column":27},"end":{"line":164,"column":43},"skip":true},{"start":{"line":164,"column":47},"end":{"line":164,"column":49},"skip":true}]},"18":{"line":258,"type":"if","locations":[{"start":{"line":258,"column":8},"end":{"line":258,"column":8},"skip":true},{"start":{"line":258,"column":8},"end":{"line":258,"column":8},"skip":true}]},"19":{"line":275,"type":"switch","locations":[{"start":{"line":276,"column":20},"end":{"line":277,"column":64},"skip":true},{"start":{"line":278,"column":20},"end":{"line":279,"column":40},"skip":true},{"start":{"line":280,"column":20},"end":{"line":281,"column":40},"skip":true},{"start":{"line":282,"column":20},"end":{"line":283,"column":39},"skip":true}]},"20":{"line":288,"type":"if","locations":[{"start":{"line":288,"column":8},"end":{"line":288,"column":8},"skip":true},{"start":{"line":288,"column":8},"end":{"line":288,"column":8},"skip":true}]},"21":{"line":288,"type":"binary-expr","locations":[{"start":{"line":288,"column":12},"end":{"line":288,"column":40},"skip":true},{"start":{"line":288,"column":44},"end":{"line":288,"column":67},"skip":true}]},"22":{"line":292,"type":"binary-expr","locations":[{"start":{"line":292,"column":12},"end":{"line":292,"column":50},"skip":true},{"start":{"line":293,"column":12},"end":{"line":293,"column":53},"skip":true}]},"23":{"line":297,"type":"binary-expr","locations":[{"start":{"line":297,"column":12},"end":{"line":297,"column":71},"skip":true},{"start":{"line":298,"column":12},"end":{"line":301,"column":36},"skip":true}]},"24":{"line":303,"type":"binary-expr","locations":[{"start":{"line":303,"column":43},"end":{"line":303,"column":75},"skip":true},{"start":{"line":303,"column":79},"end":{"line":303,"column":81},"skip":true}]},"25":{"line":306,"type":"if","locations":[{"start":{"line":306,"column":8},"end":{"line":306,"column":8},"skip":true},{"start":{"line":306,"column":8},"end":{"line":306,"column":8},"skip":true}]},"26":{"line":310,"type":"if","locations":[{"start":{"line":310,"column":8},"end":{"line":310,"column":8},"skip":true},{"start":{"line":310,"column":8},"end":{"line":310,"column":8},"skip":true}]},"27":{"line":313,"type":"binary-expr","locations":[{"start":{"line":313,"column":27},"end":{"line":313,"column":43},"skip":true},{"start":{"line":313,"column":47},"end":{"line":313,"column":53},"skip":true}]},"28":{"line":317,"type":"if","locations":[{"start":{"line":317,"column":12},"end":{"line":317,"column":12},"skip":true},{"start":{"line":317,"column":12},"end":{"line":317,"column":12},"skip":true}]}},"code":["/*","example.js","","quickstart example","","instruction","    1. save this script as example.js","    2. run the shell command:","        $ npm install npmtest-statsd-client && PORT=8081 node example.js","    3. play with the browser-demo on http://127.0.0.1:8081","*/","","","","/* istanbul instrument in package npmtest_statsd_client */","/*jslint","    bitwise: true,","    browser: true,","    maxerr: 8,","    maxlen: 96,","    node: true,","    nomen: true,","    regexp: true,","    stupid: true","*/","(function () {","    'use strict';","    var local;","","","","    // run shared js-env code - init-before","    (function () {","        // init local","        local = {};","        // init modeJs","        local.modeJs = (function () {","            try {","                return typeof navigator.userAgent === 'string' &&","                    typeof document.querySelector('body') === 'object' &&","                    typeof XMLHttpRequest.prototype.open === 'function' &&","                    'browser';","            } catch (errorCaughtBrowser) {","                return module.exports &&","                    typeof process.versions.node === 'string' &&","                    typeof require('http').createServer === 'function' &&","                    'node';","            }","        }());","        // init global","        local.global = local.modeJs === 'browser'","            ? window","            : global;","        // init utility2_rollup","        local = local.global.utility2_rollup || (local.modeJs === 'browser'","            ? local.global.utility2_npmtest_statsd_client","            : global.utility2_moduleExports);","        // export local","        local.global.local = local;","    }());","    switch (local.modeJs) {","","","","    // init-after","    // run browser js-env code - init-after","    /* istanbul ignore next */","    case 'browser':","        local.testRunBrowser = function (event) {","            if (!event || (event &&","                    event.currentTarget &&","                    event.currentTarget.className &&","                    event.currentTarget.className.includes &&","                    event.currentTarget.className.includes('onreset'))) {","                // reset output","                Array.from(","                    document.querySelectorAll('body > .resettable')","                ).forEach(function (element) {","                    switch (element.tagName) {","                    case 'INPUT':","                    case 'TEXTAREA':","                        element.value = '';","                        break;","                    default:","                        element.textContent = '';","                    }","                });","            }","            switch (event && event.currentTarget && event.currentTarget.id) {","            case 'testRunButton1':","                // show tests","                if (document.querySelector('#testReportDiv1').style.display === 'none') {","                    document.querySelector('#testReportDiv1').style.display = 'block';","                    document.querySelector('#testRunButton1').textContent =","                        'hide internal test';","                    local.modeTest = true;","                    local.testRunDefault(local);","                // hide tests","                } else {","                    document.querySelector('#testReportDiv1').style.display = 'none';","                    document.querySelector('#testRunButton1').textContent = 'run internal test';","                }","                break;","            // custom-case","            default:","                break;","            }","            if (document.querySelector('#inputTextareaEval1') && (!event || (event &&","                    event.currentTarget &&","                    event.currentTarget.className &&","                    event.currentTarget.className.includes &&","                    event.currentTarget.className.includes('oneval')))) {","                // try to eval input-code","                try {","                    /*jslint evil: true*/","                    eval(document.querySelector('#inputTextareaEval1').value);","                } catch (errorCaught) {","                    console.error(errorCaught);","                }","            }","        };","        // log stderr and stdout to #outputTextareaStdout1","        ['error', 'log'].forEach(function (key) {","            console[key + '_original'] = console[key];","            console[key] = function () {","                var element;","                console[key + '_original'].apply(console, arguments);","                element = document.querySelector('#outputTextareaStdout1');","                if (!element) {","                    return;","                }","                // append text to #outputTextareaStdout1","                element.value += Array.from(arguments).map(function (arg) {","                    return typeof arg === 'string'","                        ? arg","                        : JSON.stringify(arg, null, 4);","                }).join(' ') + '\\n';","                // scroll textarea to bottom","                element.scrollTop = element.scrollHeight;","            };","        });","        // init event-handling","        ['change', 'click', 'keyup'].forEach(function (event) {","            Array.from(document.querySelectorAll('.on' + event)).forEach(function (element) {","                element.addEventListener(event, local.testRunBrowser);","            });","        });","        // run tests","        local.testRunBrowser();","        break;","","","","    // run node js-env code - init-after","    /* istanbul ignore next */","    case 'node':","        // export local","        module.exports = local;","        // require modules","        local.fs = require('fs');","        local.http = require('http');","        local.url = require('url');","        // init assets","        local.assetsDict = local.assetsDict || {};","        /* jslint-ignore-begin */","        local.assetsDict['/assets.index.template.html'] = '\\","<!doctype html>\\n\\","<html lang=\"en\">\\n\\","<head>\\n\\","<meta charset=\"UTF-8\">\\n\\","<meta name=\"viewport\" content=\"width=device-width, initial-scale=1\">\\n\\","<title>{{env.npm_package_name}} (v{{env.npm_package_version}})</title>\\n\\","<style>\\n\\","/*csslint\\n\\","    box-sizing: false,\\n\\","    universal-selector: false\\n\\","*/\\n\\","* {\\n\\","    box-sizing: border-box;\\n\\","}\\n\\","body {\\n\\","    background: #dde;\\n\\","    font-family: Arial, Helvetica, sans-serif;\\n\\","    margin: 2rem;\\n\\","}\\n\\","body > * {\\n\\","    margin-bottom: 1rem;\\n\\","}\\n\\",".utility2FooterDiv {\\n\\","    margin-top: 20px;\\n\\","    text-align: center;\\n\\","}\\n\\","</style>\\n\\","<style>\\n\\","/*csslint\\n\\","*/\\n\\","textarea {\\n\\","    font-family: monospace;\\n\\","    height: 10rem;\\n\\","    width: 100%;\\n\\","}\\n\\","textarea[readonly] {\\n\\","    background: #ddd;\\n\\","}\\n\\","</style>\\n\\","</head>\\n\\","<body>\\n\\","<!-- utility2-comment\\n\\","<div id=\"ajaxProgressDiv1\" style=\"background: #d00; height: 2px; left: 0; margin: 0; padding: 0; position: fixed; top: 0; transition: background 0.5s, width 1.5s; width: 25%;\"></div>\\n\\","utility2-comment -->\\n\\","<h1>\\n\\","<!-- utility2-comment\\n\\","    <a\\n\\","        {{#if env.npm_package_homepage}}\\n\\","        href=\"{{env.npm_package_homepage}}\"\\n\\","        {{/if env.npm_package_homepage}}\\n\\","        target=\"_blank\"\\n\\","    >\\n\\","utility2-comment -->\\n\\","        {{env.npm_package_name}} (v{{env.npm_package_version}})\\n\\","<!-- utility2-comment\\n\\","    </a>\\n\\","utility2-comment -->\\n\\","</h1>\\n\\","<h3>{{env.npm_package_description}}</h3>\\n\\","<!-- utility2-comment\\n\\","<h4><a download href=\"assets.app.js\">download standalone app</a></h4>\\n\\","<button class=\"onclick onreset\" id=\"testRunButton1\">run internal test</button><br>\\n\\","<div id=\"testReportDiv1\" style=\"display: none;\"></div>\\n\\","utility2-comment -->\\n\\","\\n\\","\\n\\","\\n\\","<label>stderr and stdout</label>\\n\\","<textarea class=\"resettable\" id=\"outputTextareaStdout1\" readonly></textarea>\\n\\","<!-- utility2-comment\\n\\","{{#if isRollup}}\\n\\","<script src=\"assets.app.js\"></script>\\n\\","{{#unless isRollup}}\\n\\","utility2-comment -->\\n\\","<script src=\"assets.utility2.rollup.js\"></script>\\n\\","<script src=\"jsonp.utility2._stateInit?callback=window.utility2._stateInit\"></script>\\n\\","<script src=\"assets.npmtest_statsd_client.rollup.js\"></script>\\n\\","<script src=\"assets.example.js\"></script>\\n\\","<script src=\"assets.test.js\"></script>\\n\\","<!-- utility2-comment\\n\\","{{/if isRollup}}\\n\\","utility2-comment -->\\n\\","<div class=\"utility2FooterDiv\">\\n\\","    [ this app was created with\\n\\","    <a href=\"https://github.com/kaizhu256/node-utility2\" target=\"_blank\">utility2</a>\\n\\","    ]\\n\\","</div>\\n\\","</body>\\n\\","</html>\\n\\","';","        /* jslint-ignore-end */","        if (local.templateRender) {","            local.assetsDict['/'] = local.templateRender(","                local.assetsDict['/assets.index.template.html'],","                {","                    env: local.objectSetDefault(local.env, {","                        npm_package_description: 'the greatest app in the world!',","                        npm_package_name: 'my-app',","                        npm_package_nameAlias: 'my_app',","                        npm_package_version: '0.0.1'","                    })","                }","            );","        } else {","            local.assetsDict['/'] = local.assetsDict['/assets.index.template.html']","                .replace((/\\{\\{env\\.(\\w+?)\\}\\}/g), function (match0, match1) {","                    // jslint-hack","                    String(match0);","                    switch (match1) {","                    case 'npm_package_description':","                        return 'the greatest app in the world!';","                    case 'npm_package_name':","                        return 'my-app';","                    case 'npm_package_nameAlias':","                        return 'my_app';","                    case 'npm_package_version':","                        return '0.0.1';","                    }","                });","        }","        // run the cli","        if (local.global.utility2_rollup || module !== require.main) {","            break;","        }","        local.assetsDict['/assets.example.js'] =","            local.assetsDict['/assets.example.js'] ||","            local.fs.readFileSync(__filename, 'utf8');","        // bug-workaround - long $npm_package_buildCustomOrg","        /* jslint-ignore-begin */","        local.assetsDict['/assets.npmtest_statsd_client.rollup.js'] =","            local.assetsDict['/assets.npmtest_statsd_client.rollup.js'] ||","            local.fs.readFileSync(","                local.npmtest_statsd_client.__dirname + '/lib.npmtest_statsd_client.js',","                'utf8'","            ).replace((/^#!/), '//');","        /* jslint-ignore-end */","        local.assetsDict['/favicon.ico'] = local.assetsDict['/favicon.ico'] || '';","        // if $npm_config_timeout_exit exists,","        // then exit this process after $npm_config_timeout_exit ms","        if (Number(process.env.npm_config_timeout_exit)) {","            setTimeout(process.exit, Number(process.env.npm_config_timeout_exit));","        }","        // start server","        if (local.global.utility2_serverHttp1) {","            break;","        }","        process.env.PORT = process.env.PORT || '8081';","        console.error('server starting on port ' + process.env.PORT);","        local.http.createServer(function (request, response) {","            request.urlParsed = local.url.parse(request.url);","            if (local.assetsDict[request.urlParsed.pathname] !== undefined) {","                response.end(local.assetsDict[request.urlParsed.pathname]);","                return;","            }","            response.statusCode = 404;","            response.end();","        }).listen(process.env.PORT);","        break;","    }","}());",""],"l":{"26":2,"28":2,"33":2,"35":2,"37":2,"38":2,"39":2,"44":1,"51":2,"55":2,"59":2,"61":2,"69":1,"70":2,"76":2,"79":2,"82":2,"83":2,"85":1,"89":2,"92":1,"93":1,"94":1,"96":1,"97":1,"100":1,"101":1,"103":1,"106":1,"108":2,"114":1,"116":1,"118":1,"123":1,"124":2,"125":2,"126":3,"127":3,"128":3,"129":3,"130":1,"133":3,"134":3,"139":3,"143":1,"144":3,"145":1,"149":1,"150":1,"158":1,"160":1,"161":1,"162":1,"164":1,"166":1,"258":1,"259":1,"271":1,"274":6,"275":6,"277":1,"279":2,"281":1,"283":2,"288":1,"289":1,"291":1,"296":1,"303":1,"306":1,"307":1,"310":1,"311":1,"313":1,"314":1,"315":1,"316":1,"317":1,"318":1,"319":1,"321":1,"322":1,"324":1}},"/home/travis/build/npmtest/node-npmtest-statsd-client/node_modules/statsd-client/lib/statsd-client.js":{"path":"/home/travis/build/npmtest/node-npmtest-statsd-client/node_modules/statsd-client/lib/statsd-client.js","s":{"1":1,"2":0,"3":0,"4":0,"5":0,"6":0,"7":0,"8":0,"9":0,"10":0,"11":0,"12":0,"13":0,"14":0,"15":1,"16":0,"17":1,"18":0,"19":0,"20":1,"21":0,"22":0,"23":0,"24":1,"25":0,"26":0,"27":1,"28":0,"29":0,"30":1,"31":0,"32":0,"33":1,"34":0,"35":0,"36":1,"37":0,"38":0,"39":0,"40":1,"41":0,"42":0,"43":1,"44":0,"45":0,"46":1,"47":0,"48":0,"49":1,"50":0,"51":0,"52":0,"53":0,"54":0,"55":0,"56":0,"57":0,"58":1},"b":{"1":[0,0],"2":[0,0],"3":[0,0],"4":[0,0],"5":[0,0],"6":[0,0],"7":[0,0],"8":[0,0],"9":[0,0],"10":[0,0],"11":[0,0],"12":[0,0],"13":[0,0],"14":[0,0],"15":[0,0],"16":[0,0]},"f":{"1":0,"2":0,"3":0,"4":0,"5":0,"6":0,"7":0,"8":0,"9":0,"10":0,"11":0,"12":0,"13":0,"14":0},"fnMap":{"1":{"name":"StatsDClient","line":7,"loc":{"start":{"line":7,"column":0},"end":{"line":7,"column":31}}},"2":{"name":"getChildClient","line":40,"loc":{"start":{"line":40,"column":40},"end":{"line":40,"column":77}}},"3":{"name":"gauge","line":50,"loc":{"start":{"line":50,"column":31},"end":{"line":50,"column":59}}},"4":{"name":"gaugeDelta","line":56,"loc":{"start":{"line":56,"column":36},"end":{"line":56,"column":69}}},"5":{"name":"set","line":66,"loc":{"start":{"line":66,"column":29},"end":{"line":66,"column":55}}},"6":{"name":"counter","line":75,"loc":{"start":{"line":75,"column":33},"end":{"line":75,"column":63}}},"7":{"name":"increment","line":84,"loc":{"start":{"line":84,"column":35},"end":{"line":84,"column":67}}},"8":{"name":"decrement","line":93,"loc":{"start":{"line":93,"column":35},"end":{"line":93,"column":67}}},"9":{"name":"timing","line":102,"loc":{"start":{"line":102,"column":32},"end":{"line":102,"column":60}}},"10":{"name":"histogram","line":114,"loc":{"start":{"line":114,"column":35},"end":{"line":114,"column":67}}},"11":{"name":"raw","line":124,"loc":{"start":{"line":124,"column":29},"end":{"line":124,"column":51}}},"12":{"name":"close","line":133,"loc":{"start":{"line":133,"column":31},"end":{"line":133,"column":48}}},"13":{"name":"(anonymous_13)","line":142,"loc":{"start":{"line":142,"column":51},"end":{"line":142,"column":63}}},"14":{"name":"(anonymous_14)","line":148,"loc":{"start":{"line":148,"column":22},"end":{"line":148,"column":42}}}},"statementMap":{"1":{"start":{"line":7,"column":0},"end":{"line":35,"column":1}},"2":{"start":{"line":8,"column":4},"end":{"line":8,"column":33}},"3":{"start":{"line":9,"column":4},"end":{"line":9,"column":30}},"4":{"start":{"line":12,"column":4},"end":{"line":12,"column":52}},"5":{"start":{"line":15,"column":4},"end":{"line":19,"column":5}},"6":{"start":{"line":17,"column":8},"end":{"line":17,"column":36}},"7":{"start":{"line":18,"column":8},"end":{"line":18,"column":68}},"8":{"start":{"line":22,"column":4},"end":{"line":34,"column":5}},"9":{"start":{"line":24,"column":8},"end":{"line":24,"column":44}},"10":{"start":{"line":25,"column":11},"end":{"line":34,"column":5}},"11":{"start":{"line":27,"column":8},"end":{"line":27,"column":66}},"12":{"start":{"line":28,"column":11},"end":{"line":34,"column":5}},"13":{"start":{"line":30,"column":8},"end":{"line":30,"column":67}},"14":{"start":{"line":33,"column":8},"end":{"line":33,"column":72}},"15":{"start":{"line":40,"column":0},"end":{"line":45,"column":2}},"16":{"start":{"line":41,"column":4},"end":{"line":44,"column":7}},"17":{"start":{"line":50,"column":0},"end":{"line":54,"column":2}},"18":{"start":{"line":51,"column":4},"end":{"line":51,"column":71}},"19":{"start":{"line":53,"column":4},"end":{"line":53,"column":16}},"20":{"start":{"line":56,"column":0},"end":{"line":61,"column":2}},"21":{"start":{"line":57,"column":4},"end":{"line":57,"column":38}},"22":{"start":{"line":58,"column":4},"end":{"line":58,"column":88}},"23":{"start":{"line":60,"column":4},"end":{"line":60,"column":16}},"24":{"start":{"line":66,"column":0},"end":{"line":70,"column":2}},"25":{"start":{"line":67,"column":4},"end":{"line":67,"column":71}},"26":{"start":{"line":69,"column":4},"end":{"line":69,"column":16}},"27":{"start":{"line":75,"column":0},"end":{"line":79,"column":2}},"28":{"start":{"line":76,"column":4},"end":{"line":76,"column":71}},"29":{"start":{"line":78,"column":4},"end":{"line":78,"column":16}},"30":{"start":{"line":84,"column":0},"end":{"line":88,"column":2}},"31":{"start":{"line":85,"column":4},"end":{"line":85,"column":66}},"32":{"start":{"line":87,"column":4},"end":{"line":87,"column":16}},"33":{"start":{"line":93,"column":0},"end":{"line":97,"column":2}},"34":{"start":{"line":94,"column":4},"end":{"line":94,"column":71}},"35":{"start":{"line":96,"column":4},"end":{"line":96,"column":16}},"36":{"start":{"line":102,"column":0},"end":{"line":109,"column":2}},"37":{"start":{"line":104,"column":4},"end":{"line":104,"column":60}},"38":{"start":{"line":106,"column":4},"end":{"line":106,"column":68}},"39":{"start":{"line":108,"column":4},"end":{"line":108,"column":16}},"40":{"start":{"line":114,"column":0},"end":{"line":118,"column":2}},"41":{"start":{"line":115,"column":4},"end":{"line":115,"column":71}},"42":{"start":{"line":117,"column":4},"end":{"line":117,"column":16}},"43":{"start":{"line":124,"column":0},"end":{"line":128,"column":2}},"44":{"start":{"line":125,"column":4},"end":{"line":125,"column":31}},"45":{"start":{"line":127,"column":4},"end":{"line":127,"column":16}},"46":{"start":{"line":133,"column":0},"end":{"line":137,"column":2}},"47":{"start":{"line":134,"column":4},"end":{"line":134,"column":25}},"48":{"start":{"line":136,"column":4},"end":{"line":136,"column":16}},"49":{"start":{"line":142,"column":0},"end":{"line":158,"column":3}},"50":{"start":{"line":143,"column":4},"end":{"line":155,"column":5}},"51":{"start":{"line":144,"column":8},"end":{"line":146,"column":70}},"52":{"start":{"line":148,"column":8},"end":{"line":153,"column":11}},"53":{"start":{"line":149,"column":12},"end":{"line":152,"column":13}},"54":{"start":{"line":150,"column":16},"end":{"line":150,"column":57}},"55":{"start":{"line":151,"column":16},"end":{"line":151,"column":71}},"56":{"start":{"line":154,"column":8},"end":{"line":154,"column":32}},"57":{"start":{"line":157,"column":4},"end":{"line":157,"column":25}},"58":{"start":{"line":160,"column":0},"end":{"line":160,"column":30}}},"branchMap":{"1":{"line":8,"type":"binary-expr","locations":[{"start":{"line":8,"column":19},"end":{"line":8,"column":26}},{"start":{"line":8,"column":30},"end":{"line":8,"column":32}}]},"2":{"line":12,"type":"binary-expr","locations":[{"start":{"line":12,"column":26},"end":{"line":12,"column":45}},{"start":{"line":12,"column":49},"end":{"line":12,"column":51}}]},"3":{"line":15,"type":"if","locations":[{"start":{"line":15,"column":4},"end":{"line":15,"column":4}},{"start":{"line":15,"column":4},"end":{"line":15,"column":4}}]},"4":{"line":15,"type":"binary-expr","locations":[{"start":{"line":15,"column":8},"end":{"line":15,"column":27}},{"start":{"line":15,"column":31},"end":{"line":15,"column":57}}]},"5":{"line":18,"type":"cond-expr","locations":[{"start":{"line":18,"column":56},"end":{"line":18,"column":57}},{"start":{"line":18,"column":60},"end":{"line":18,"column":67}}]},"6":{"line":22,"type":"if","locations":[{"start":{"line":22,"column":4},"end":{"line":22,"column":4}},{"start":{"line":22,"column":4},"end":{"line":22,"column":4}}]},"7":{"line":25,"type":"if","locations":[{"start":{"line":25,"column":11},"end":{"line":25,"column":11}},{"start":{"line":25,"column":11},"end":{"line":25,"column":11}}]},"8":{"line":28,"type":"if","locations":[{"start":{"line":28,"column":11},"end":{"line":28,"column":11}},{"start":{"line":28,"column":11},"end":{"line":28,"column":11}}]},"9":{"line":28,"type":"binary-expr","locations":[{"start":{"line":28,"column":15},"end":{"line":28,"column":32}},{"start":{"line":28,"column":36},"end":{"line":28,"column":78}}]},"10":{"line":57,"type":"cond-expr","locations":[{"start":{"line":57,"column":28},"end":{"line":57,"column":31}},{"start":{"line":57,"column":34},"end":{"line":57,"column":37}}]},"11":{"line":85,"type":"cond-expr","locations":[{"start":{"line":85,"column":54},"end":{"line":85,"column":55}},{"start":{"line":85,"column":58},"end":{"line":85,"column":63}}]},"12":{"line":94,"type":"cond-expr","locations":[{"start":{"line":94,"column":59},"end":{"line":94,"column":60}},{"start":{"line":94,"column":63},"end":{"line":94,"column":68}}]},"13":{"line":104,"type":"cond-expr","locations":[{"start":{"line":104,"column":35},"end":{"line":104,"column":52}},{"start":{"line":104,"column":55},"end":{"line":104,"column":59}}]},"14":{"line":143,"type":"if","locations":[{"start":{"line":143,"column":4},"end":{"line":143,"column":4}},{"start":{"line":143,"column":4},"end":{"line":143,"column":4}}]},"15":{"line":149,"type":"if","locations":[{"start":{"line":149,"column":12},"end":{"line":149,"column":12}},{"start":{"line":149,"column":12},"end":{"line":149,"column":12}}]},"16":{"line":149,"type":"binary-expr","locations":[{"start":{"line":149,"column":16},"end":{"line":149,"column":38}},{"start":{"line":149,"column":42},"end":{"line":149,"column":65}}]}},"code":["/*"," * Set up the statsd-client."," *"," * Requires the `hostname`. Options currently allows for `port` and `debug` to"," * be set."," */","function StatsDClient(options) {","    this.options = options || {};","    this._helpers = undefined;","","    // Set defaults","    this.options.prefix = this.options.prefix || \"\";","","    // Prefix?","    if (this.options.prefix && this.options.prefix !== \"\") {","        // Add trailing dot if it's missing","        var p = this.options.prefix;","        this.options.prefix = p[p.length - 1] === '.' ? p : p + \".\";","    }","","    // Figure out which socket to use","    if (this.options._socket) {","        // Re-use given socket","        this._socket = this.options._socket;","    } else if(this.options.tcp) {","        //User specifically wants a tcp socket","        this._socket = new (require('./TCPSocket'))(this.options);","    } else if (this.options.host && this.options.host.match(/^http(s?):\\/\\//i)) {","        // Starts with 'http://', then create a HTTP socket","        this._socket = new (require('./HttpSocket'))(this.options);","    } else {","        // Fall back to a UDP ephemeral socket","        this._socket = new (require('./EphemeralSocket'))(this.options);","    }","}","","/*"," * Get a \"child\" client with a sub-prefix."," */","StatsDClient.prototype.getChildClient = function getChildClient(extraPrefix) {","    return new StatsDClient({","        prefix: this.options.prefix + extraPrefix,","        _socket: this._socket","    });","};","","/*"," * gauge(name, value)"," */","StatsDClient.prototype.gauge = function gauge(name, value) {","    this._socket.send(this.options.prefix + name + \":\" + value + \"|g\");","","    return this;","};","","StatsDClient.prototype.gaugeDelta = function gaugeDelta(name, delta) {","    var sign = delta >= 0 ? \"+\" : \"-\";","    this._socket.send(this.options.prefix + name + \":\" + sign + Math.abs(delta) + \"|g\");","","    return this;","};","","/*"," * set(name, value)"," */","StatsDClient.prototype.set = function set(name, value) {","    this._socket.send(this.options.prefix + name + \":\" + value + \"|s\");","","    return this;","};","","/*"," * counter(name, delta)"," */","StatsDClient.prototype.counter = function counter(name, delta) {","    this._socket.send(this.options.prefix + name + \":\" + delta + \"|c\");","","    return this;","};","","/*"," * increment(name, [delta=1])"," */","StatsDClient.prototype.increment = function increment(name, delta) {","    this.counter(name, Math.abs(delta === undefined ? 1 : delta));","","    return this;","};","","/*"," * decrement(name, [delta=-1])"," */","StatsDClient.prototype.decrement = function decrement(name, delta) {","    this.counter(name, -1 * Math.abs(delta === undefined ? 1 : delta));","","    return this;","};","","/*"," * timing(name, date-object | ms)"," */","StatsDClient.prototype.timing = function timing(name, time) {","    // Date-object or integer?","    var t = time instanceof Date ? new Date() - time : time;","","    this._socket.send(this.options.prefix + name + \":\" + t + \"|ms\");","","    return this;","};","","/*"," * histogram(name, value)"," */","StatsDClient.prototype.histogram = function histogram(name, value) {","    this._socket.send(this.options.prefix + name + \":\" + value + \"|h\");","","    return this;","};","","/*"," * Send raw data to the underlying socket. Useful for dealing with custom"," * statsd-extensions in a pinch."," */","StatsDClient.prototype.raw = function raw(rawData) {","    this._socket.send(rawData);","","    return this;","};","","/*"," * Close the socket, if in use and cancel the interval-check, if running."," */","StatsDClient.prototype.close = function close() {","    this._socket.close();","","    return this;","};","","/*"," * Return an object with available helpers."," */","StatsDClient.prototype.__defineGetter__('helpers', function () {","    if (!(this._helpers)) {","        var helpers = {},","            that = this,","            files = require('fs').readdirSync(__dirname + '/helpers');","","        files.forEach(function (filename) {","            if (/\\.js$/.test(filename) && filename !== 'index.js') {","                var name = filename.replace(/\\.js$/, '');","                helpers[name] = require('./helpers/' + filename)(that);","            }","        });","        this._helpers = helpers;","    }","","    return this._helpers;","});","","module.exports = StatsDClient;",""],"l":{"7":1,"8":0,"9":0,"12":0,"15":0,"17":0,"18":0,"22":0,"24":0,"25":0,"27":0,"28":0,"30":0,"33":0,"40":1,"41":0,"50":1,"51":0,"53":0,"56":1,"57":0,"58":0,"60":0,"66":1,"67":0,"69":0,"75":1,"76":0,"78":0,"84":1,"85":0,"87":0,"93":1,"94":0,"96":0,"102":1,"104":0,"106":0,"108":0,"114":1,"115":0,"117":0,"124":1,"125":0,"127":0,"133":1,"134":0,"136":0,"142":1,"143":0,"144":0,"148":0,"149":0,"150":0,"151":0,"154":0,"157":0,"160":1}},"/home/travis/build/npmtest/node-npmtest-statsd-client/node_modules/statsd-client/lib/datadog-client.js":{"path":"/home/travis/build/npmtest/node-npmtest-statsd-client/node_modules/statsd-client/lib/datadog-client.js","s":{"1":1,"2":1,"3":1,"4":0,"5":1,"6":1,"7":0,"8":0,"9":0,"10":0,"11":0,"12":0,"13":0,"14":0,"15":0,"16":0,"17":0,"18":0,"19":1,"20":0,"21":1},"b":{"1":[0,0],"2":[0,0],"3":[0,0]},"f":{"1":0,"2":0,"3":0,"4":0},"fnMap":{"1":{"name":"DatadogClient","line":13,"loc":{"start":{"line":13,"column":0},"end":{"line":13,"column":32}}},"2":{"name":"(anonymous_2)","line":21,"loc":{"start":{"line":21,"column":28},"end":{"line":21,"column":79}}},"3":{"name":"(anonymous_3)","line":34,"loc":{"start":{"line":34,"column":46},"end":{"line":34,"column":61}}},"4":{"name":"(anonymous_4)","line":45,"loc":{"start":{"line":45,"column":40},"end":{"line":45,"column":63}}}},"statementMap":{"1":{"start":{"line":8,"column":0},"end":{"line":8,"column":27}},"2":{"start":{"line":10,"column":0},"end":{"line":10,"column":46}},"3":{"start":{"line":13,"column":0},"end":{"line":15,"column":1}},"4":{"start":{"line":14,"column":4},"end":{"line":14,"column":28}},"5":{"start":{"line":17,"column":0},"end":{"line":17,"column":43}},"6":{"start":{"line":21,"column":0},"end":{"line":40,"column":1}},"7":{"start":{"line":22,"column":4},"end":{"line":22,"column":73}},"8":{"start":{"line":24,"column":4},"end":{"line":24,"column":33}},"9":{"start":{"line":25,"column":4},"end":{"line":25,"column":21}},"10":{"start":{"line":26,"column":4},"end":{"line":29,"column":5}},"11":{"start":{"line":27,"column":8},"end":{"line":27,"column":27}},"12":{"start":{"line":28,"column":8},"end":{"line":28,"column":32}},"13":{"start":{"line":31,"column":4},"end":{"line":31,"column":52}},"14":{"start":{"line":31,"column":23},"end":{"line":31,"column":50}},"15":{"start":{"line":33,"column":4},"end":{"line":37,"column":5}},"16":{"start":{"line":34,"column":8},"end":{"line":36,"column":21}},"17":{"start":{"line":35,"column":12},"end":{"line":35,"column":42}},"18":{"start":{"line":39,"column":4},"end":{"line":39,"column":28}},"19":{"start":{"line":45,"column":0},"end":{"line":50,"column":2}},"20":{"start":{"line":46,"column":4},"end":{"line":49,"column":7}},"21":{"start":{"line":54,"column":0},"end":{"line":54,"column":31}}},"branchMap":{"1":{"line":26,"type":"if","locations":[{"start":{"line":26,"column":4},"end":{"line":26,"column":4}},{"start":{"line":26,"column":4},"end":{"line":26,"column":4}}]},"2":{"line":31,"type":"if","locations":[{"start":{"line":31,"column":4},"end":{"line":31,"column":4}},{"start":{"line":31,"column":4},"end":{"line":31,"column":4}}]},"3":{"line":33,"type":"if","locations":[{"start":{"line":33,"column":4},"end":{"line":33,"column":4}},{"start":{"line":33,"column":4},"end":{"line":33,"column":4}}]}},"code":["/*"," * Set up the statsd-client."," *"," * Requires the `hostname`. Options currently allows for `port` and `debug` to"," * be set."," */","","var util = require('util');","","var StatsDClient = require('./statsd-client');","","","function DatadogClient(options) {","    StatsDClient.call(this);","}","","util.inherits(DatadogClient, StatsDClient);","","/* Generic send-things-to-datadog"," */","DatadogClient._sendMetric = function (name, value, typeChar, sampleRate, tags) {","    var text = this.options.prefix + name + ':' + value + '|' + typeChar;","","    var _sampleRate = sampleRate;","    var _tags = tags;","    if (arguments.length === 3) {","        _tags = sampleRate;","        _sampleRate = undefined;","    }","","    if (_sampleRate) { text += '|@' + _sampleRate; }","","    if (_tags) {","        text += '|#' + Object.keys(_tags).map(function (tag) {","            return tag + ':' + _tags[tag];","        }).join(',');","    }","","    this._socket.send(text);","}","","/*"," * Get a \"child\" client with a sub-prefix."," */","StatsDClient.prototype.getChildClient = function (extraPrefix) {","    return new DatadogClient({","        prefix: this.options.prefix + extraPrefix,","        _socket: this._socket","    });","};","","","","module.exports = DatadogClient;",""],"l":{"8":1,"10":1,"13":1,"14":0,"17":1,"21":1,"22":0,"24":0,"25":0,"26":0,"27":0,"28":0,"31":0,"33":0,"34":0,"35":0,"39":0,"45":1,"46":0,"54":1}},"/home/travis/build/npmtest/node-npmtest-statsd-client/node_modules/statsd-client/lib/EphemeralSocket.js":{"path":"/home/travis/build/npmtest/node-npmtest-statsd-client/node_modules/statsd-client/lib/EphemeralSocket.js","s":{"1":1,"2":1,"3":0,"4":0,"5":0,"6":0,"7":0,"8":0,"9":0,"10":0,"11":0,"12":0,"13":1,"14":1,"15":0,"16":0,"17":0,"18":0,"19":0,"20":0,"21":0,"22":0,"23":0,"24":0,"25":1,"26":0,"27":0,"28":0,"29":0,"30":0,"31":0,"32":0,"33":0,"34":0,"35":1,"36":0,"37":0,"38":0,"39":0,"40":0,"41":0,"42":0,"43":0,"44":0,"45":1,"46":0,"47":0,"48":0,"49":0,"50":0,"51":0,"52":0,"53":0,"54":0,"55":0,"56":0,"57":1,"58":0,"59":0,"60":0,"61":0,"62":0,"63":0,"64":0,"65":0,"66":1,"67":0,"68":0,"69":0,"70":1,"71":0,"72":0,"73":0,"74":0,"75":1,"76":0,"77":0,"78":0,"79":0,"80":0,"81":0,"82":0,"83":0,"84":1},"b":{"1":[0,0],"2":[0,0],"3":[0,0],"4":[0,0],"5":[0,0],"6":[0,0],"7":[0,0],"8":[0,0],"9":[0,0],"10":[0,0],"11":[0,0],"12":[0,0],"13":[0,0],"14":[0,0],"15":[0,0],"16":[0,0],"17":[0,0],"18":[0,0],"19":[0,0],"20":[0,0],"21":[0,0],"22":[0,0]},"f":{"1":0,"2":0,"3":0,"4":0,"5":0,"6":0,"7":0,"8":0,"9":0,"10":0,"11":0,"12":0,"13":0},"fnMap":{"1":{"name":"EphemeralSocket","line":5,"loc":{"start":{"line":5,"column":0},"end":{"line":5,"column":34}}},"2":{"name":"log","line":23,"loc":{"start":{"line":23,"column":32},"end":{"line":23,"column":55}}},"3":{"name":"_socketTimeout","line":36,"loc":{"start":{"line":36,"column":43},"end":{"line":36,"column":69}}},"4":{"name":"close","line":63,"loc":{"start":{"line":63,"column":34},"end":{"line":63,"column":51}}},"5":{"name":"kill","line":85,"loc":{"start":{"line":85,"column":33},"end":{"line":85,"column":49}}},"6":{"name":"(anonymous_6)","line":96,"loc":{"start":{"line":96,"column":29},"end":{"line":96,"column":41}}},"7":{"name":"_createSocket","line":102,"loc":{"start":{"line":102,"column":42},"end":{"line":102,"column":75}}},"8":{"name":"(anonymous_8)","line":117,"loc":{"start":{"line":117,"column":35},"end":{"line":117,"column":47}}},"9":{"name":"_enqueue","line":130,"loc":{"start":{"line":130,"column":37},"end":{"line":130,"column":61}}},"10":{"name":"_flushBuffer","line":148,"loc":{"start":{"line":148,"column":41},"end":{"line":148,"column":65}}},"11":{"name":"send","line":156,"loc":{"start":{"line":156,"column":33},"end":{"line":156,"column":53}}},"12":{"name":"_send","line":168,"loc":{"start":{"line":168,"column":34},"end":{"line":168,"column":55}}},"13":{"name":"(anonymous_13)","line":174,"loc":{"start":{"line":174,"column":23},"end":{"line":174,"column":35}}}},"statementMap":{"1":{"start":{"line":1,"column":0},"end":{"line":1,"column":29}},"2":{"start":{"line":5,"column":0},"end":{"line":21,"column":1}},"3":{"start":{"line":6,"column":4},"end":{"line":6,"column":28}},"4":{"start":{"line":8,"column":4},"end":{"line":8,"column":49}},"5":{"start":{"line":9,"column":4},"end":{"line":9,"column":52}},"6":{"start":{"line":10,"column":4},"end":{"line":10,"column":41}},"7":{"start":{"line":11,"column":4},"end":{"line":11,"column":88}},"8":{"start":{"line":14,"column":4},"end":{"line":14,"column":84}},"9":{"start":{"line":17,"column":4},"end":{"line":17,"column":29}},"10":{"start":{"line":18,"column":4},"end":{"line":18,"column":29}},"11":{"start":{"line":19,"column":4},"end":{"line":19,"column":34}},"12":{"start":{"line":20,"column":4},"end":{"line":20,"column":22}},"13":{"start":{"line":23,"column":0},"end":{"line":25,"column":2}},"14":{"start":{"line":36,"column":0},"end":{"line":57,"column":2}},"15":{"start":{"line":37,"column":4},"end":{"line":37,"column":24}},"16":{"start":{"line":39,"column":4},"end":{"line":42,"column":5}},"17":{"start":{"line":40,"column":8},"end":{"line":40,"column":28}},"18":{"start":{"line":41,"column":8},"end":{"line":41,"column":15}},"19":{"start":{"line":45,"column":4},"end":{"line":47,"column":5}},"20":{"start":{"line":46,"column":8},"end":{"line":46,"column":15}},"21":{"start":{"line":50,"column":4},"end":{"line":53,"column":5}},"22":{"start":{"line":51,"column":8},"end":{"line":51,"column":33}},"23":{"start":{"line":52,"column":8},"end":{"line":52,"column":15}},"24":{"start":{"line":56,"column":4},"end":{"line":56,"column":17}},"25":{"start":{"line":63,"column":0},"end":{"line":81,"column":2}},"26":{"start":{"line":64,"column":4},"end":{"line":64,"column":24}},"27":{"start":{"line":65,"column":4},"end":{"line":67,"column":5}},"28":{"start":{"line":66,"column":8},"end":{"line":66,"column":15}},"29":{"start":{"line":69,"column":4},"end":{"line":71,"column":5}},"30":{"start":{"line":70,"column":8},"end":{"line":70,"column":28}},"31":{"start":{"line":74,"column":4},"end":{"line":77,"column":5}},"32":{"start":{"line":75,"column":8},"end":{"line":75,"column":41}},"33":{"start":{"line":76,"column":8},"end":{"line":76,"column":38}},"34":{"start":{"line":80,"column":4},"end":{"line":80,"column":41}},"35":{"start":{"line":85,"column":0},"end":{"line":100,"column":2}},"36":{"start":{"line":86,"column":4},"end":{"line":86,"column":23}},"37":{"start":{"line":87,"column":4},"end":{"line":89,"column":5}},"38":{"start":{"line":88,"column":8},"end":{"line":88,"column":15}},"39":{"start":{"line":92,"column":4},"end":{"line":95,"column":5}},"40":{"start":{"line":93,"column":8},"end":{"line":93,"column":41}},"41":{"start":{"line":94,"column":8},"end":{"line":94,"column":38}},"42":{"start":{"line":96,"column":4},"end":{"line":96,"column":45}},"43":{"start":{"line":98,"column":4},"end":{"line":98,"column":25}},"44":{"start":{"line":99,"column":4},"end":{"line":99,"column":29}},"45":{"start":{"line":102,"column":0},"end":{"line":126,"column":2}},"46":{"start":{"line":103,"column":4},"end":{"line":103,"column":32}},"47":{"start":{"line":104,"column":4},"end":{"line":104,"column":20}},"48":{"start":{"line":105,"column":4},"end":{"line":107,"column":5}},"49":{"start":{"line":106,"column":8},"end":{"line":106,"column":26}},"50":{"start":{"line":109,"column":4},"end":{"line":109,"column":46}},"51":{"start":{"line":114,"column":4},"end":{"line":114,"column":53}},"52":{"start":{"line":117,"column":4},"end":{"line":119,"column":7}},"53":{"start":{"line":118,"column":8},"end":{"line":118,"column":26}},"54":{"start":{"line":120,"column":4},"end":{"line":120,"column":58}},"55":{"start":{"line":123,"column":4},"end":{"line":125,"column":5}},"56":{"start":{"line":124,"column":8},"end":{"line":124,"column":97}},"57":{"start":{"line":130,"column":0},"end":{"line":146,"column":2}},"58":{"start":{"line":131,"column":4},"end":{"line":131,"column":37}},"59":{"start":{"line":133,"column":4},"end":{"line":135,"column":5}},"60":{"start":{"line":134,"column":8},"end":{"line":134,"column":97}},"61":{"start":{"line":137,"column":4},"end":{"line":139,"column":5}},"62":{"start":{"line":138,"column":8},"end":{"line":138,"column":28}},"63":{"start":{"line":141,"column":4},"end":{"line":145,"column":5}},"64":{"start":{"line":142,"column":8},"end":{"line":142,"column":28}},"65":{"start":{"line":144,"column":8},"end":{"line":144,"column":36}},"66":{"start":{"line":148,"column":0},"end":{"line":152,"column":2}},"67":{"start":{"line":149,"column":4},"end":{"line":149,"column":47}},"68":{"start":{"line":150,"column":4},"end":{"line":150,"column":29}},"69":{"start":{"line":151,"column":4},"end":{"line":151,"column":22}},"70":{"start":{"line":156,"column":0},"end":{"line":163,"column":2}},"71":{"start":{"line":157,"column":4},"end":{"line":157,"column":33}},"72":{"start":{"line":158,"column":4},"end":{"line":162,"column":5}},"73":{"start":{"line":159,"column":8},"end":{"line":159,"column":32}},"74":{"start":{"line":161,"column":8},"end":{"line":161,"column":28}},"75":{"start":{"line":168,"column":0},"end":{"line":186,"column":2}},"76":{"start":{"line":169,"column":4},"end":{"line":169,"column":34}},"77":{"start":{"line":172,"column":4},"end":{"line":172,"column":20}},"78":{"start":{"line":174,"column":4},"end":{"line":185,"column":7}},"79":{"start":{"line":175,"column":8},"end":{"line":175,"column":32}},"80":{"start":{"line":178,"column":8},"end":{"line":178,"column":39}},"81":{"start":{"line":180,"column":8},"end":{"line":182,"column":9}},"82":{"start":{"line":181,"column":12},"end":{"line":181,"column":45}},"83":{"start":{"line":184,"column":8},"end":{"line":184,"column":82}},"84":{"start":{"line":188,"column":0},"end":{"line":188,"column":33}}},"branchMap":{"1":{"line":6,"type":"binary-expr","locations":[{"start":{"line":6,"column":14},"end":{"line":6,"column":21}},{"start":{"line":6,"column":25},"end":{"line":6,"column":27}}]},"2":{"line":8,"type":"binary-expr","locations":[{"start":{"line":8,"column":21},"end":{"line":8,"column":33}},{"start":{"line":8,"column":37},"end":{"line":8,"column":48}}]},"3":{"line":9,"type":"binary-expr","locations":[{"start":{"line":9,"column":17},"end":{"line":9,"column":43}},{"start":{"line":9,"column":47},"end":{"line":9,"column":51}}]},"4":{"line":10,"type":"binary-expr","locations":[{"start":{"line":10,"column":18},"end":{"line":10,"column":31}},{"start":{"line":10,"column":35},"end":{"line":10,"column":40}}]},"5":{"line":11,"type":"cond-expr","locations":[{"start":{"line":11,"column":59},"end":{"line":11,"column":80}},{"start":{"line":11,"column":83},"end":{"line":11,"column":87}}]},"6":{"line":14,"type":"cond-expr","locations":[{"start":{"line":14,"column":55},"end":{"line":14,"column":76}},{"start":{"line":14,"column":79},"end":{"line":14,"column":83}}]},"7":{"line":39,"type":"if","locations":[{"start":{"line":39,"column":4},"end":{"line":39,"column":4}},{"start":{"line":39,"column":4},"end":{"line":39,"column":4}}]},"8":{"line":45,"type":"if","locations":[{"start":{"line":45,"column":4},"end":{"line":45,"column":4}},{"start":{"line":45,"column":4},"end":{"line":45,"column":4}}]},"9":{"line":50,"type":"if","locations":[{"start":{"line":50,"column":4},"end":{"line":50,"column":4}},{"start":{"line":50,"column":4},"end":{"line":50,"column":4}}]},"10":{"line":65,"type":"if","locations":[{"start":{"line":65,"column":4},"end":{"line":65,"column":4}},{"start":{"line":65,"column":4},"end":{"line":65,"column":4}}]},"11":{"line":69,"type":"if","locations":[{"start":{"line":69,"column":4},"end":{"line":69,"column":4}},{"start":{"line":69,"column":4},"end":{"line":69,"column":4}}]},"12":{"line":74,"type":"if","locations":[{"start":{"line":74,"column":4},"end":{"line":74,"column":4}},{"start":{"line":74,"column":4},"end":{"line":74,"column":4}}]},"13":{"line":87,"type":"if","locations":[{"start":{"line":87,"column":4},"end":{"line":87,"column":4}},{"start":{"line":87,"column":4},"end":{"line":87,"column":4}}]},"14":{"line":92,"type":"if","locations":[{"start":{"line":92,"column":4},"end":{"line":92,"column":4}},{"start":{"line":92,"column":4},"end":{"line":92,"column":4}}]},"15":{"line":105,"type":"if","locations":[{"start":{"line":105,"column":4},"end":{"line":105,"column":4}},{"start":{"line":105,"column":4},"end":{"line":105,"column":4}}]},"16":{"line":123,"type":"if","locations":[{"start":{"line":123,"column":4},"end":{"line":123,"column":4}},{"start":{"line":123,"column":4},"end":{"line":123,"column":4}}]},"17":{"line":123,"type":"binary-expr","locations":[{"start":{"line":123,"column":8},"end":{"line":123,"column":35}},{"start":{"line":123,"column":39},"end":{"line":123,"column":57}}]},"18":{"line":133,"type":"if","locations":[{"start":{"line":133,"column":4},"end":{"line":133,"column":4}},{"start":{"line":133,"column":4},"end":{"line":133,"column":4}}]},"19":{"line":137,"type":"if","locations":[{"start":{"line":137,"column":4},"end":{"line":137,"c
[...]
ions":[{"start":{"line":15,"column":55},"end":{"line":15,"column":76}},{"start":{"line":15,"column":79},"end":{"line":15,"column":83}}]},"8":{"line":41,"type":"if","locations":[{"start":{"line":41,"column":4},"end":{"line":41,"column":4}},{"start":{"line":41,"column":4},"end":{"line":41,"column":4}}]},"9":{"line":47,"type":"if","locations":[{"start":{"line":47,"column":4},"end":{"line":47,"column":4}},{"start":{"line":47,"column":4},"end":{"line":47,"column":4}}]},"10":{"line":52,"type":"if","locations":[{"start":{"line":52,"column":4},"end":{"line":52,"column":4}},{"start":{"line":52,"column":4},"end":{"line":52,"column":4}}]},"11":{"line":55,"type":"if","locations":[{"start":{"line":55,"column":8},"end":{"line":55,"column":8}},{"start":{"line":55,"column":8},"end":{"line":55,"column":8}}]},"12":{"line":66,"type":"if","locations":[{"start":{"line":66,"column":4},"end":{"line":66,"column":4}},{"start":{"line":66,"column":4},"end":{"line":66,"column":4}}]},"13":{"line":66,"type":"binary-expr","locations":[{"start":{"line":66,"column":8},"end":{"line":66,"column":36}},{"start":{"line":66,"column":40},"end":{"line":66,"column":58}}]},"14":{"line":77,"type":"if","locations":[{"start":{"line":77,"column":4},"end":{"line":77,"column":4}},{"start":{"line":77,"column":4},"end":{"line":77,"column":4}}]},"15":{"line":81,"type":"if","locations":[{"start":{"line":81,"column":4},"end":{"line":81,"column":4}},{"start":{"line":81,"column":4},"end":{"line":81,"column":4}}]},"16":{"line":86,"type":"if","locations":[{"start":{"line":86,"column":4},"end":{"line":86,"column":4}},{"start":{"line":86,"column":4},"end":{"line":86,"column":4}}]},"17":{"line":99,"type":"if","locations":[{"start":{"line":99,"column":4},"end":{"line":99,"column":4}},{"start":{"line":99,"column":4},"end":{"line":99,"column":4}}]},"18":{"line":104,"type":"if","locations":[{"start":{"line":104,"column":4},"end":{"line":104,"column":4}},{"start":{"line":104,"column":4},"end":{"line":104,"column":4}}]},"19":{"line":117,"type":"if","locations":[{"start":{"line":117,"column":4},"end":{"line":117,"column":4}},{"start":{"line":117,"column":4},"end":{"line":117,"column":4}}]},"20":{"line":137,"type":"if","locations":[{"start":{"line":137,"column":4},"end":{"line":137,"column":4}},{"start":{"line":137,"column":4},"end":{"line":137,"column":4}}]},"21":{"line":137,"type":"binary-expr","locations":[{"start":{"line":137,"column":8},"end":{"line":137,"column":36}},{"start":{"line":137,"column":40},"end":{"line":137,"column":58}}]},"22":{"line":147,"type":"if","locations":[{"start":{"line":147,"column":4},"end":{"line":147,"column":4}},{"start":{"line":147,"column":4},"end":{"line":147,"column":4}}]},"23":{"line":151,"type":"if","locations":[{"start":{"line":151,"column":4},"end":{"line":151,"column":4}},{"start":{"line":151,"column":4},"end":{"line":151,"column":4}}]},"24":{"line":170,"type":"if","locations":[{"start":{"line":170,"column":4},"end":{"line":170,"column":4}},{"start":{"line":170,"column":4},"end":{"line":170,"column":4}}]},"25":{"line":195,"type":"if","locations":[{"start":{"line":195,"column":4},"end":{"line":195,"column":4}},{"start":{"line":195,"column":4},"end":{"line":195,"column":4}}]},"26":{"line":198,"type":"if","locations":[{"start":{"line":198,"column":4},"end":{"line":198,"column":4}},{"start":{"line":198,"column":4},"end":{"line":198,"column":4}}]}},"code":["var net = require('net');","","/*global console*/","","function TCPSocket(options) {","    options = options || {};","","    this._hostname = options.host || 'localhost';","    this._port = options.port || 8125;","    this._debug = options.debug || false;","    this._flushBufferTimeout = 'socketTimeout' in options ? options.socketTimeout : 1000;","    this._timeoutsToClose = 'socketTimeoutsToClose' in options ? options.socketTimeoutsToClose : 10; // close socket if not used in 10 flush intervals","","    // Check https://github.com/etsy/statsd/#multi-metric-packets for advisable sizes.","    this._maxBufferSize = 'maxBufferSize' in options ? options.maxBufferSize : 1200;","","    // Set up re-usable socket","    this._socket = undefined; // Store the socket here","    this._socketUsed = false; // Flag if it has been used","    this._socketLastUsed = 0; // How many intervals of timeout since socket has been used","    this._socketTimer = undefined; // Reference to check-timer","    this._buffer = [];","}","","TCPSocket.prototype.log = function log(messages) {","    //console.log.apply(null, arguments);","};","","/* Dual-use timer."," *"," * First checks if there is anything in it's buffer that need to be sent. If it"," * is non-empty, it will be flushed. (And thusly, the socket is in use and we"," * stop checking further right away)."," *"," * If there is nothing in the buffer and the socket hasn't been used in the"," * previous interval, close it."," */","TCPSocket.prototype._socketTimeout = function _socketTimeout() {","    this.log(\"close()\");","    // Flush the buffer, if it contain anything.","    if (this._buffer.length > 0) {","        this._flushBuffer();","        return;","    }","","    // Is it already closed? -- then stop here","    if (!this._socket) {","        return;","    }","","    // Not used?","    if (this._socketUsed === false) {","        this._socketLastUsed++;","        // if not used in many intervals, close it","        if (this._socketLastUsed >= this._timeoutsToClose) {","            this.close();","            return;","        }","    } else {","        this._socketLastUsed = 0;","    }","","    // Reset whether its been used","    this._socketUsed = false;","    // Start timer, if we have a positive timeout","    if (this._flushBufferTimeout > 0 && !this._socketTimer) {","        this._socketTimer = setInterval(this._socketTimeout.bind(this), this._flushBufferTimeout);","    }","};","","","/*"," * Close the socket, if in use and cancel the interval-check, if running."," */","TCPSocket.prototype.close = function close() {","    this.log(\"close()\");","    if (!this._socket) {","        return;","    }","","    if (this._buffer.length > 0) {","        this._flushBuffer();","    }","","    // Cancel the running timer","    if (this._socketTimer) {","        clearInterval(this._socketTimer);","        this._socketTimer = undefined;","    }","","    // Wait a tick or two, so any remaining stats can be sent.","    setTimeout(this.kill.bind(this), 10);","};","","/* Kill the socket RIGHT NOW."," */","TCPSocket.prototype.kill = function kill() {","    this.log(\"kill()\");","    if (!this._socket) {","        return;","    }","","    // Clear the timer and catch any further errors silently","    if (this._socketTimer) {","        clearInterval(this._socketTimer);","        this._socketTimer = undefined;","    }","    this._socket.on('error', function () {});","","    this._socket.end();","    this._socket = undefined;","};","","TCPSocket.prototype._createSocket = function _createSocket(callback) {","    this.log(\"_createSocket()\");","    var that = this;","    if (this._socket) {","        return callback();","    }","","    this._socket = net.Socket({","        type: 'tcp4'","    });","","","    // Listen on 'error'-events, so they don't bubble up to the main","    // application. Try closing the socket for now, forcing it to be re-created","    // later.","    this._socket.once('error', this.kill.bind(this));","","    // Call on when the socket is ready.","    this._socket.connect(this._port, this._hostname, function() {","        return callback();","    });","","    // Start timer, if we have a positive timeout","    if (this._flushBufferTimeout > 0 && !this._socketTimer) {","        this._socketTimer = setInterval(this._socketTimeout.bind(this), this._flushBufferTimeout);","    }","};","","/* Buffer management"," */","TCPSocket.prototype._enqueue = function _enqueue(data) {","    this.log(\"_enqueue(\", data, \")\");","","    if (!this._socketTimer) {","        this._socketTimer = setInterval(this._socketTimeout.bind(this), this._flushBufferTimeout);","    }","    // Empty buffer if it's too full","    if (this._buffer.reduce(function(sum, line) { return sum + line.length; }, 0) > this._maxBuferSize) {","        this._flushBuffer();","    }","","    this._buffer.push(data);","};","","TCPSocket.prototype._flushBuffer = function _flushBuffer() {","    this.log(\"_flushBuffer() →\", this._buffer);","    var that = this;","    this._send(this._buffer, function() {","        that._buffer = [];","    });","};","","/* Send data - public interface."," */","TCPSocket.prototype.send = function send(data) {","    this.log(\"send(\", data, \")\");","    if (this._maxBufferSize === 0) {","        return this._send([data], function() {});","    } else {","        this._enqueue(data);","    }","};","","/*"," * Send data."," */","TCPSocket.prototype._send = function _send(data, callback) {","    this.log(\"_send(\", data, \")\");","    // If we don't have a socket, or we have created one but it isn't","    // ready yet, we need to enqueue data to send once the socket is ready.","    var that = this;","","    //Must be asynchronous","    this._createSocket(that._writeToSocket.bind(that, data, callback));","};","","TCPSocket.prototype._writeToSocket = function _writeToSocket(data, callback) {","    // Create message","    // Trailing \\n important because socket.write will sometimes concat multiple 'write' calls.","    var message = new Buffer(data.join('\\n') + '\\n');","","    if (this._debug) {","        console.warn(message.toString());","    }","    if (this._socket) {","        this._socketUsed = true;","        this._socket.write(message);","    }","","    callback();","};","","module.exports = TCPSocket;",""],"l":{"1":1,"5":1,"6":0,"8":0,"9":0,"10":0,"11":0,"12":0,"15":0,"18":0,"19":0,"20":0,"21":0,"22":0,"25":1,"38":1,"39":0,"41":0,"42":0,"43":0,"47":0,"48":0,"52":0,"53":0,"55":0,"56":0,"57":0,"60":0,"64":0,"66":0,"67":0,"75":1,"76":0,"77":0,"78":0,"81":0,"82":0,"86":0,"87":0,"88":0,"92":0,"97":1,"98":0,"99":0,"100":0,"104":0,"105":0,"106":0,"108":0,"110":0,"111":0,"114":1,"115":0,"116":0,"117":0,"118":0,"121":0,"129":0,"132":0,"133":0,"137":0,"138":0,"144":1,"145":0,"147":0,"148":0,"151":0,"152":0,"155":0,"158":1,"159":0,"160":0,"161":0,"162":0,"168":1,"169":0,"170":0,"171":0,"173":0,"180":1,"181":0,"184":0,"187":0,"190":1,"193":0,"195":0,"196":0,"198":0,"199":0,"200":0,"203":0,"206":1}},"/home/travis/build/npmtest/node-npmtest-statsd-client/node_modules/statsd-client/lib/helpers/getExpressMiddleware.js":{"path":"/home/travis/build/npmtest/node-npmtest-statsd-client/node_modules/statsd-client/lib/helpers/getExpressMiddleware.js","s":{"1":1,"2":0,"3":1,"4":0,"5":0,"6":0,"7":0,"8":0,"9":0,"10":0,"11":0,"12":0,"13":0,"14":0,"15":1,"16":0,"17":0,"18":0,"19":0,"20":0,"21":0,"22":0,"23":0,"24":0,"25":0,"26":0,"27":0,"28":0,"29":0,"30":0,"31":0,"32":0,"33":0,"34":0,"35":0,"36":0,"37":1},"b":{"1":[0,0],"2":[0,0],"3":[0,0],"4":[0,0],"5":[0,0],"6":[0,0],"7":[0,0],"8":[0,0],"9":[0,0],"10":[0,0],"11":[0,0],"12":[0,0],"13":[0,0],"14":[0,0],"15":[0,0]},"f":{"1":0,"2":0,"3":0,"4":0,"5":0,"6":0},"fnMap":{"1":{"name":"sanitize","line":3,"loc":{"start":{"line":3,"column":0},"end":{"line":3,"column":29}}},"2":{"name":"findRouteName","line":8,"loc":{"start":{"line":8,"column":0},"end":{"line":8,"column":33}}},"3":{"name":"factory","line":44,"loc":{"start":{"line":44,"column":0},"end":{"line":44,"column":31}}},"4":{"name":"(anonymous_4)","line":45,"loc":{"start":{"line":45,"column":11},"end":{"line":45,"column":38}}},"5":{"name":"(anonymous_5)","line":53,"loc":{"start":{"line":53,"column":15},"end":{"line":53,"column":41}}},"6":{"name":"(anonymous_6)","line":58,"loc":{"start":{"line":58,"column":22},"end":{"line":58,"column":34}}}},"statementMap":{"1":{"start":{"line":3,"column":0},"end":{"line":5,"column":1}},"2":{"start":{"line":4,"column":4},"end":{"line":4,"column":83}},"3":{"start":{"line":8,"column":0},"end":{"line":31,"column":1}},"4":{"start":{"line":10,"column":4},"end":{"line":13,"column":5}},"5":{"start":{"line":12,"column":8},"end":{"line":12,"column":39}},"6":{"start":{"line":15,"column":4},"end":{"line":30,"column":5}},"7":{"start":{"line":16,"column":8},"end":{"line":16,"column":39}},"8":{"start":{"line":18,"column":8},"end":{"line":20,"column":9}},"9":{"start":{"line":19,"column":12},"end":{"line":19,"column":41}},"10":{"start":{"line":22,"column":8},"end":{"line":26,"column":9}},"11":{"start":{"line":23,"column":12},"end":{"line":23,"column":48}},"12":{"start":{"line":24,"column":15},"end":{"line":26,"column":9}},"13":{"start":{"line":25,"column":12},"end":{"line":25,"column":31}},"14":{"start":{"line":29,"column":8},"end":{"line":29,"column":54}},"15":{"start":{"line":44,"column":0},"end":{"line":80,"column":1}},"16":{"start":{"line":45,"column":4},"end":{"line":79,"column":6}},"17":{"start":{"line":46,"column":8},"end":{"line":46,"column":32}},"18":{"start":{"line":48,"column":8},"end":{"line":48,"column":63}},"19":{"start":{"line":49,"column":8},"end":{"line":49,"column":51}},"20":{"start":{"line":50,"column":8},"end":{"line":50,"column":85}},"21":{"start":{"line":51,"column":8},"end":{"line":51,"column":63}},"22":{"start":{"line":53,"column":8},"end":{"line":78,"column":10}},"23":{"start":{"line":54,"column":12},"end":{"line":54,"column":39}},"24":{"start":{"line":57,"column":12},"end":{"line":57,"column":30}},"25":{"start":{"line":58,"column":12},"end":{"line":76,"column":14}},"26":{"start":{"line":59,"column":16},"end":{"line":59,"column":30}},"27":{"start":{"line":60,"column":16},"end":{"line":60,"column":42}},"28":{"start":{"line":62,"column":16},"end":{"line":62,"column":35}},"29":{"start":{"line":65,"column":16},"end":{"line":68,"column":17}},"30":{"start":{"line":66,"column":20},"end":{"line":66,"column":37}},"31":{"start":{"line":67,"column":20},"end":{"line":67,"column":78}},"32":{"start":{"line":70,"column":16},"end":{"line":70,"column":85}},"33":{"start":{"line":71,"column":16},"end":{"line":71,"column":70}},"34":{"start":{"line":73,"column":16},"end":{"line":75,"column":17}},"35":{"start":{"line":74,"column":20},"end":{"line":74,"column":63}},"36":{"start":{"line":77,"column":12},"end":{"line":77,"column":19}},"37":{"start":{"line":82,"column":0},"end":{"line":82,"column":25}}},"branchMap":{"1":{"line":10,"type":"if","locations":[{"start":{"line":10,"column":4},"end":{"line":10,"column":4}},{"start":{"line":10,"column":4},"end":{"line":10,"column":4}}]},"2":{"line":10,"type":"binary-expr","locations":[{"start":{"line":10,"column":8},"end":{"line":10,"column":18}},{"start":{"line":10,"column":22},"end":{"line":10,"column":45}}]},"3":{"line":15,"type":"if","locations":[{"start":{"line":15,"column":4},"end":{"line":15,"column":4}},{"start":{"line":15,"column":4},"end":{"line":15,"column":4}}]},"4":{"line":15,"type":"binary-expr","locations":[{"start":{"line":15,"column":8},"end":{"line":15,"column":17}},{"start":{"line":15,"column":21},"end":{"line":15,"column":35}}]},"5":{"line":18,"type":"if","locations":[{"start":{"line":18,"column":8},"end":{"line":18,"column":8}},{"start":{"line":18,"column":8},"end":{"line":18,"column":8}}]},"6":{"line":22,"type":"if","locations":[{"start":{"line":22,"column":8},"end":{"line":22,"column":8}},{"start":{"line":22,"column":8},"end":{"line":22,"column":8}}]},"7":{"line":24,"type":"if","locations":[{"start":{"line":24,"column":15},"end":{"line":24,"column":15}},{"start":{"line":24,"column":15},"end":{"line":24,"column":15}}]},"8":{"line":46,"type":"binary-expr","locations":[{"start":{"line":46,"column":18},"end":{"line":46,"column":25}},{"start":{"line":46,"column":29},"end":{"line":46,"column":31}}]},"9":{"line":48,"type":"binary-expr","locations":[{"start":{"line":48,"column":49},"end":{"line":48,"column":55}},{"start":{"line":48,"column":59},"end":{"line":48,"column":61}}]},"10":{"line":49,"type":"binary-expr","locations":[{"start":{"line":49,"column":24},"end":{"line":49,"column":41}},{"start":{"line":49,"column":45},"end":{"line":49,"column":50}}]},"11":{"line":50,"type":"binary-expr","locations":[{"start":{"line":50,"column":32},"end":{"line":50,"column":57}},{"start":{"line":50,"column":61},"end":{"line":50,"column":84}}]},"12":{"line":51,"type":"binary-expr","locations":[{"start":{"line":51,"column":28},"end":{"line":51,"column":49}},{"start":{"line":51,"column":53},"end":{"line":51,"column":62}}]},"13":{"line":65,"type":"if","locations":[{"start":{"line":65,"column":16},"end":{"line":65,"column":16}},{"start":{"line":65,"column":16},"end":{"line":65,"column":16}}]},"14":{"line":67,"type":"binary-expr","locations":[{"start":{"line":67,"column":33},"end":{"line":67,"column":56}},{"start":{"line":67,"column":60},"end":{"line":67,"column":77}}]},"15":{"line":73,"type":"if","locations":[{"start":{"line":73,"column":16},"end":{"line":73,"column":16}},{"start":{"line":73,"column":16},"end":{"line":73,"column":16}}]}},"code":["","// Removes \":\", heading/trailing / and replaces / by _ in a given route name","function sanitize(routeName) {","    return routeName.replace(/:/g, \"\").replace(/^\\/|\\/$/g, \"\").replace(/\\//g, \"_\");","}","","// Extracts a route name from the request or response","function findRouteName(req, res) {","    // Did we get a hardcoded name, or should we figure one out?","    if (res.locals && res.locals.statsdUrlKey) {","","        return res.locals.statsdUrlKey;","    }","","    if (req.route && req.route.path) {","        var routeName = req.route.path;","","        if (Object.prototype.toString.call(routeName) === '[object RegExp]') {","            routeName = routeName.source;","        }","","        if (req.baseUrl) {","            routeName = req.baseUrl + routeName;","        } else if (routeName === '/') {","            routeName = 'root';","        }","","        // Appends the HTTP method","        return req.method + '_' + sanitize(routeName);","    }","}","","/*"," * Return express middleware that measures overall performance."," *"," * The `prefix` defaults to `''` (but is currently mandatory). The"," * `options`-argument is optional."," *  * You can set `timeByUrl`, that add a timer per URL template (ex:"," *    `/api/:username/:thingie`). This can be changed run-time by setting"," *    `res.locals.statsdUrlKey`."," *  * Add a `function(client, startTime, req, res)` in `onResponseEnd` that"," *    will be called at the very end."," */","function factory(parentClient) {","    return function (prefix, options) {","        options = options || {};","","        var client = parentClient.getChildClient(prefix || '');","        var timeByUrl = options.timeByUrl || false;","        var notFoundRouteName = options.notFoundRouteName || 'unknown_express_route';","        var onResponseEnd = options.onResponseEnd || undefined;","","        return function (req, res, next) {","            var startTime = new Date();","","            // Shadow end request","            var end = res.end;","            res.end = function () {","                res.end = end;","                end.apply(res, arguments);","","                var urlPrefix = '';","","                // Time by URL?","                if (timeByUrl) {","                    urlPrefix += '.';","                    urlPrefix += findRouteName(req, res) || notFoundRouteName;","                }","","                client.increment('response_code' + urlPrefix + '.' + res.statusCode);","                client.timing('response_time' + urlPrefix, startTime);","","                if (onResponseEnd) {","                    onResponseEnd(client, startTime, req, res);","                }","            };","            next();","        };","    };","}","","module.exports = factory;",""],"l":{"3":1,"4":0,"8":1,"10":0,"12":0,"15":0,"16":0,"18":0,"19":0,"22":0,"23":0,"24":0,"25":0,"29":0,"44":1,"45":0,"46":0,"48":0,"49":0,"50":0,"51":0,"53":0,"54":0,"57":0,"58":0,"59":0,"60":0,"62":0,"65":0,"66":0,"67":0,"70":0,"71":0,"73":0,"74":0,"77":0,"82":1}}}